;  LST file generated by mikroListExporter - v.2.0 
; Date/Time: 1/18/2016 7:27:46 PM
;----------------------------------------------

;Address Opcode 	ASM
0x0000	0x2AEF      	GOTO       751
_Delay_50us:
;__Lib_Delays.mbas,41 :: 		sub procedure Delay_50us()
;__Lib_Delays.mbas,42 :: 		Delay_us(50)
0x0003	0x3021      	MOVLW      33
0x0004	0x1283      	BCF        STATUS, 5
0x0005	0x1303      	BCF        STATUS, 6
0x0006	0x00FD      	MOVWF      R13
L__Delay_50us7:
0x0007	0x0BFD      	DECFSZ     R13, 1
0x0008	0x2807      	GOTO       L__Delay_50us7
;__Lib_Delays.mbas,43 :: 		end sub
L_end_Delay_50us:
0x0009	0x0008      	RETURN
; end of _Delay_50us
_Delay_5500us:
;__Lib_Delays.mbas,53 :: 		sub procedure Delay_5500us()
;__Lib_Delays.mbas,54 :: 		Delay_us(5500)
0x000A	0x300F      	MOVLW      15
0x000B	0x1283      	BCF        STATUS, 5
0x000C	0x1303      	BCF        STATUS, 6
0x000D	0x00FC      	MOVWF      R12
0x000E	0x3047      	MOVLW      71
0x000F	0x00FD      	MOVWF      R13
L__Delay_5500us13:
0x0010	0x0BFD      	DECFSZ     R13, 1
0x0011	0x2810      	GOTO       L__Delay_5500us13
0x0012	0x0BFC      	DECFSZ     R12, 1
0x0013	0x2810      	GOTO       L__Delay_5500us13
0x0014	0x0000      	NOP
0x0015	0x0000      	NOP
;__Lib_Delays.mbas,55 :: 		end sub
L_end_Delay_5500us:
0x0016	0x0008      	RETURN
; end of _Delay_5500us
_Delay_1us:
;__Lib_Delays.mbas,29 :: 		sub procedure Delay_1us()
;__Lib_Delays.mbas,30 :: 		Delay_us(1)
0x0017	0x0000      	NOP
0x0018	0x0000      	NOP
;__Lib_Delays.mbas,31 :: 		end sub
L_end_Delay_1us:
0x0019	0x0008      	RETURN
; end of _Delay_1us
_FIXSIGN32:
;__Lib_MathDouble.mpas,92 :: 		
;__Lib_MathDouble.mpas,96 :: 		
0x001A	0x1FFA      	BTFSS      R10, 7
;__Lib_MathDouble.mpas,97 :: 		
0x001B	0x13F2      	BCF        R2, 7
;__Lib_MathDouble.mpas,98 :: 		
0x001C	0x3000      	MOVLW      0
;__Lib_MathDouble.mpas,100 :: 		
L_end_FIXSIGN32:
0x001D	0x0008      	RETURN
; end of _FIXSIGN32
_SETFUN32:
;__Lib_MathDouble.mpas,120 :: 		
;__Lib_MathDouble.mpas,127 :: 		
0x001E	0x157B      	BSF        R11, 2
;__Lib_MathDouble.mpas,128 :: 		
0x001F	0x1FFB      	BTFSS      R11, 7
;__Lib_MathDouble.mpas,129 :: 		
0x0020	0x2828      	GOTO       SETFUN32EEE
;__Lib_MathDouble.mpas,130 :: 		
0x0021	0x3001      	MOVLW      1
;__Lib_MathDouble.mpas,131 :: 		
0x0022	0x00F3      	MOVWF      R3
;__Lib_MathDouble.mpas,132 :: 		
0x0023	0x01F2      	CLRF       R2
;__Lib_MathDouble.mpas,133 :: 		
0x0024	0x01F1      	CLRF       R1
;__Lib_MathDouble.mpas,134 :: 		
0x0025	0x01F0      	CLRF       R0
;__Lib_MathDouble.mpas,135 :: 		
0x0026	0x0DFA      	RLF        R10, 1
;__Lib_MathDouble.mpas,136 :: 		
0x0027	0x0CF2      	RRF        R2, 1
;__Lib_MathDouble.mpas,137 :: 		
SETFUN32EEE:
;__Lib_MathDouble.mpas,138 :: 		
0x0028	0x30FF      	MOVLW      255
;__Lib_MathDouble.mpas,140 :: 		
L_end_SETFUN32:
0x0029	0x0008      	RETURN
; end of _SETFUN32
_RES032:
;__Lib_MathDouble.mpas,104 :: 		
;__Lib_MathDouble.mpas,109 :: 		
0x002A	0x01F2      	CLRF       R2
;__Lib_MathDouble.mpas,110 :: 		
0x002B	0x01F1      	CLRF       R1
;__Lib_MathDouble.mpas,111 :: 		
0x002C	0x01F0      	CLRF       R0
;__Lib_MathDouble.mpas,112 :: 		
0x002D	0x01F8      	CLRF       R8
;__Lib_MathDouble.mpas,113 :: 		
0x002E	0x01F3      	CLRF       R3
;__Lib_MathDouble.mpas,114 :: 		
0x002F	0x3000      	MOVLW      0
;__Lib_MathDouble.mpas,116 :: 		
L_end_RES032:
0x0030	0x0008      	RETURN
; end of _RES032
_Div_16x16_U:
;__Lib_Math.mpas,207 :: 		
;__Lib_Math.mpas,213 :: 		
0x0031	0x1283      	BCF        STATUS, 5
;__Lib_Math.mpas,214 :: 		
0x0032	0x1303      	BCF        STATUS, 6
;__Lib_Math.mpas,215 :: 		
0x0033	0x01F8      	CLRF       R8
;__Lib_Math.mpas,216 :: 		
0x0034	0x01F9      	CLRF       R9
;__Lib_Math.mpas,217 :: 		
0x0035	0x3010      	MOVLW      16
;__Lib_Math.mpas,218 :: 		
0x0036	0x00FC      	MOVWF      R12
;__Lib_Math.mpas,219 :: 		
0x0037	0x0D71      	RLF        R1, 0
;__Lib_Math.mpas,220 :: 		
0x0038	0x0DF8      	RLF        R8, 1
;__Lib_Math.mpas,221 :: 		
0x0039	0x0DF9      	RLF        R9, 1
;__Lib_Math.mpas,222 :: 		
0x003A	0x0874      	MOVF       R4, 0
;__Lib_Math.mpas,223 :: 		
0x003B	0x02F8      	SUBWF      R8, 1
;__Lib_Math.mpas,224 :: 		
0x003C	0x0875      	MOVF       R5, 0
;__Lib_Math.mpas,225 :: 		
0x003D	0x1C03      	BTFSS      STATUS, 0
;__Lib_Math.mpas,226 :: 		
0x003E	0x0F75      	INCFSZ     R5, 0
;__Lib_Math.mpas,227 :: 		
0x003F	0x02F9      	SUBWF      R9, 1
;__Lib_Math.mpas,228 :: 		
0x0040	0x1803      	BTFSC      STATUS, 0
;__Lib_Math.mpas,229 :: 		
0x0041	0x2849      	GOTO       $+8
;__Lib_Math.mpas,230 :: 		
0x0042	0x0874      	MOVF       R4, 0
;__Lib_Math.mpas,231 :: 		
0x0043	0x07F8      	ADDWF      R8, 1
;__Lib_Math.mpas,232 :: 		
0x0044	0x0875      	MOVF       R5, 0
;__Lib_Math.mpas,233 :: 		
0x0045	0x1803      	BTFSC      STATUS, 0
;__Lib_Math.mpas,234 :: 		
0x0046	0x0F75      	INCFSZ     R5, 0
;__Lib_Math.mpas,235 :: 		
0x0047	0x07F9      	ADDWF      R9, 1
;__Lib_Math.mpas,236 :: 		
0x0048	0x1003      	BCF        STATUS, 0
;__Lib_Math.mpas,237 :: 		
0x0049	0x0DF0      	RLF        R0, 1
;__Lib_Math.mpas,238 :: 		
0x004A	0x0DF1      	RLF        R1, 1
;__Lib_Math.mpas,239 :: 		
0x004B	0x0BFC      	DECFSZ     R12, 1
;__Lib_Math.mpas,240 :: 		
0x004C	0x2837      	GOTO       $-21
;__Lib_Math.mpas,242 :: 		
L_end_Div_16x16_U:
0x004D	0x0008      	RETURN
; end of _Div_16x16_U
_Lcd_Cmd:
;__Lib_Lcd.mpas,33 :: 		
;__Lib_Lcd.mpas,34 :: 		
0x004E	0x1283      	BCF        STATUS, 5
0x004F	0x1303      	BCF        STATUS, 6
0x0050	0x1BC5      	BTFSC      FARG_Lcd_Cmd_out_char, 7
0x0051	0x2854      	GOTO       L__Lcd_Cmd46
0x0052	0x1186      	BCF        LCD_D7, BitPos(LCD_D7+0)
0x0053	0x2855      	GOTO       L__Lcd_Cmd47
L__Lcd_Cmd46:
0x0054	0x1586      	BSF        LCD_D7, BitPos(LCD_D7+0)
L__Lcd_Cmd47:
;__Lib_Lcd.mpas,35 :: 		
0x0055	0x1B45      	BTFSC      FARG_Lcd_Cmd_out_char, 6
0x0056	0x2859      	GOTO       L__Lcd_Cmd48
0x0057	0x1106      	BCF        LCD_D6, BitPos(LCD_D6+0)
0x0058	0x285A      	GOTO       L__Lcd_Cmd49
L__Lcd_Cmd48:
0x0059	0x1506      	BSF        LCD_D6, BitPos(LCD_D6+0)
L__Lcd_Cmd49:
;__Lib_Lcd.mpas,36 :: 		
0x005A	0x1AC5      	BTFSC      FARG_Lcd_Cmd_out_char, 5
0x005B	0x285E      	GOTO       L__Lcd_Cmd50
0x005C	0x1086      	BCF        LCD_D5, BitPos(LCD_D5+0)
0x005D	0x285F      	GOTO       L__Lcd_Cmd51
L__Lcd_Cmd50:
0x005E	0x1486      	BSF        LCD_D5, BitPos(LCD_D5+0)
L__Lcd_Cmd51:
;__Lib_Lcd.mpas,37 :: 		
0x005F	0x1A45      	BTFSC      FARG_Lcd_Cmd_out_char, 4
0x0060	0x2863      	GOTO       L__Lcd_Cmd52
0x0061	0x1006      	BCF        LCD_D4, BitPos(LCD_D4+0)
0x0062	0x2864      	GOTO       L__Lcd_Cmd53
L__Lcd_Cmd52:
0x0063	0x1406      	BSF        LCD_D4, BitPos(LCD_D4+0)
L__Lcd_Cmd53:
;__Lib_Lcd.mpas,39 :: 		
0x0064	0x1821      	BTFSC      __Lib_Lcd_cmd_status, BitPos(__Lib_Lcd_cmd_status+0)
0x0065	0x2868      	GOTO       L__Lcd_Cmd54
0x0066	0x1606      	BSF        LCD_RS, BitPos(LCD_RS+0)
0x0067	0x2869      	GOTO       L__Lcd_Cmd55
L__Lcd_Cmd54:
0x0068	0x1206      	BCF        LCD_RS, BitPos(LCD_RS+0)
L__Lcd_Cmd55:
;__Lib_Lcd.mpas,42 :: 		
0x0069	0x1686      	BSF        LCD_EN, BitPos(LCD_EN+0)
;__Lib_Lcd.mpas,43 :: 		
0x006A	0x2017      	CALL       _Delay_1us
;__Lib_Lcd.mpas,44 :: 		
0x006B	0x1286      	BCF        LCD_EN, BitPos(LCD_EN+0)
;__Lib_Lcd.mpas,47 :: 		
0x006C	0x19C5      	BTFSC      FARG_Lcd_Cmd_out_char, 3
0x006D	0x2870      	GOTO       L__Lcd_Cmd56
0x006E	0x1186      	BCF        LCD_D7, BitPos(LCD_D7+0)
0x006F	0x2871      	GOTO       L__Lcd_Cmd57
L__Lcd_Cmd56:
0x0070	0x1586      	BSF        LCD_D7, BitPos(LCD_D7+0)
L__Lcd_Cmd57:
;__Lib_Lcd.mpas,48 :: 		
0x0071	0x1945      	BTFSC      FARG_Lcd_Cmd_out_char, 2
0x0072	0x2875      	GOTO       L__Lcd_Cmd58
0x0073	0x1106      	BCF        LCD_D6, BitPos(LCD_D6+0)
0x0074	0x2876      	GOTO       L__Lcd_Cmd59
L__Lcd_Cmd58:
0x0075	0x1506      	BSF        LCD_D6, BitPos(LCD_D6+0)
L__Lcd_Cmd59:
;__Lib_Lcd.mpas,49 :: 		
0x0076	0x18C5      	BTFSC      FARG_Lcd_Cmd_out_char, 1
0x0077	0x287A      	GOTO       L__Lcd_Cmd60
0x0078	0x1086      	BCF        LCD_D5, BitPos(LCD_D5+0)
0x0079	0x287B      	GOTO       L__Lcd_Cmd61
L__Lcd_Cmd60:
0x007A	0x1486      	BSF        LCD_D5, BitPos(LCD_D5+0)
L__Lcd_Cmd61:
;__Lib_Lcd.mpas,50 :: 		
0x007B	0x1845      	BTFSC      FARG_Lcd_Cmd_out_char, 0
0x007C	0x287F      	GOTO       L__Lcd_Cmd62
0x007D	0x1006      	BCF        LCD_D4, BitPos(LCD_D4+0)
0x007E	0x2880      	GOTO       L__Lcd_Cmd63
L__Lcd_Cmd62:
0x007F	0x1406      	BSF        LCD_D4, BitPos(LCD_D4+0)
L__Lcd_Cmd63:
;__Lib_Lcd.mpas,52 :: 		
0x0080	0x1821      	BTFSC      __Lib_Lcd_cmd_status, BitPos(__Lib_Lcd_cmd_status+0)
0x0081	0x2884      	GOTO       L__Lcd_Cmd64
0x0082	0x1606      	BSF        LCD_RS, BitPos(LCD_RS+0)
0x0083	0x2885      	GOTO       L__Lcd_Cmd65
L__Lcd_Cmd64:
0x0084	0x1206      	BCF        LCD_RS, BitPos(LCD_RS+0)
L__Lcd_Cmd65:
;__Lib_Lcd.mpas,54 :: 		
0x0085	0x1686      	BSF        LCD_EN, BitPos(LCD_EN+0)
;__Lib_Lcd.mpas,55 :: 		
0x0086	0x2017      	CALL       _Delay_1us
;__Lib_Lcd.mpas,56 :: 		
0x0087	0x1286      	BCF        LCD_EN, BitPos(LCD_EN+0)
;__Lib_Lcd.mpas,58 :: 		
0x0088	0x1C21      	BTFSS      __Lib_Lcd_cmd_status, BitPos(__Lib_Lcd_cmd_status+0)
0x0089	0x288C      	GOTO       L__Lcd_Cmd2
;__Lib_Lcd.mpas,59 :: 		
0x008A	0x200A      	CALL       _Delay_5500us
0x008B	0x288D      	GOTO       L__Lcd_Cmd3
;__Lib_Lcd.mpas,60 :: 		
L__Lcd_Cmd2:
;__Lib_Lcd.mpas,61 :: 		
0x008C	0x2003      	CALL       _Delay_50us
L__Lcd_Cmd3:
;__Lib_Lcd.mpas,62 :: 		
L_end_Lcd_Cmd:
0x008D	0x0008      	RETURN
; end of _Lcd_Cmd
_SETFOV32:
;__Lib_MathDouble.mpas,57 :: 		
;__Lib_MathDouble.mpas,64 :: 		
0x008E	0x14FB      	BSF        R11, 1
;__Lib_MathDouble.mpas,65 :: 		
0x008F	0x1FFB      	BTFSS      R11, 7
;__Lib_MathDouble.mpas,66 :: 		
0x0090	0x2898      	GOTO       SETFOV32EEE
;__Lib_MathDouble.mpas,67 :: 		
0x0091	0x30FF      	MOVLW      255
;__Lib_MathDouble.mpas,68 :: 		
0x0092	0x00F3      	MOVWF      R3
;__Lib_MathDouble.mpas,69 :: 		
0x0093	0x00F2      	MOVWF      R2
;__Lib_MathDouble.mpas,70 :: 		
0x0094	0x00F1      	MOVWF      R1
;__Lib_MathDouble.mpas,71 :: 		
0x0095	0x00F0      	MOVWF      R0
;__Lib_MathDouble.mpas,72 :: 		
0x0096	0x0DFA      	RLF        R10, 1
;__Lib_MathDouble.mpas,73 :: 		
0x0097	0x0CF2      	RRF        R2, 1
;__Lib_MathDouble.mpas,74 :: 		
SETFOV32EEE:
;__Lib_MathDouble.mpas,75 :: 		
0x0098	0x30FF      	MOVLW      255
;__Lib_MathDouble.mpas,77 :: 		
L_end_SETFOV32:
0x0099	0x0008      	RETURN
; end of _SETFOV32
_I2C1_Is_Idle:
;__Lib_I2C_c34.mpas,31 :: 		
;__Lib_I2C_c34.mpas,32 :: 		
0x009A	0x1283      	BCF        STATUS, 5
0x009B	0x1303      	BCF        STATUS, 6
0x009C	0x01F2      	CLRF       R2
;__Lib_I2C_c34.mpas,33 :: 		
0x009D	0x1683      	BSF        STATUS, 5
0x009E	0x1914      	BTFSC      SSPSTAT, 2
0x009F	0x28A9      	GOTO       L__I2C1_Is_Idle3
;__Lib_I2C_c34.mpas,34 :: 		
0x00A0	0x301F      	MOVLW      31
0x00A1	0x0511      	ANDWF      SSPCON2, 0
0x00A2	0x00F1      	MOVWF      R1
0x00A3	0x0871      	MOVF       R1, 0
0x00A4	0x3A00      	XORLW      0
0x00A5	0x1D03      	BTFSS      STATUS, 2
0x00A6	0x28A9      	GOTO       L__I2C1_Is_Idle6
;__Lib_I2C_c34.mpas,35 :: 		
0x00A7	0x30FF      	MOVLW      255
0x00A8	0x00F2      	MOVWF      R2
L__I2C1_Is_Idle6:
L__I2C1_Is_Idle3:
;__Lib_I2C_c34.mpas,36 :: 		
0x00A9	0x0872      	MOVF       R2, 0
0x00AA	0x00F0      	MOVWF      R0
L_end_I2C1_Is_Idle:
0x00AB	0x0008      	RETURN
; end of _I2C1_Is_Idle
_NRM3232:
;__Lib_MathDouble.mpas,151 :: 		
;__Lib_MathDouble.mpas,159 :: 		
0x00AC	0x01A0      	CLRF       __math_tempbD
;__Lib_MathDouble.mpas,160 :: 		
0x00AD	0x0872      	MOVF       R2, 0
;__Lib_MathDouble.mpas,161 :: 		
0x00AE	0x1D03      	BTFSS      STATUS, 2
;__Lib_MathDouble.mpas,162 :: 		
0x00AF	0x28C1      	GOTO       NORM3232
;__Lib_MathDouble.mpas,163 :: 		
0x00B0	0x0871      	MOVF       R1, 0
;__Lib_MathDouble.mpas,164 :: 		
0x00B1	0x00F2      	MOVWF      R2
;__Lib_MathDouble.mpas,165 :: 		
0x00B2	0x0870      	MOVF       R0, 0
;__Lib_MathDouble.mpas,166 :: 		
0x00B3	0x00F1      	MOVWF      R1
;__Lib_MathDouble.mpas,167 :: 		
0x00B4	0x01F0      	CLRF       R0
;__Lib_MathDouble.mpas,168 :: 		
0x00B5	0x15A0      	BSF        __math_tempbD, 3
;__Lib_MathDouble.mpas,170 :: 		
0x00B6	0x0872      	MOVF       R2, 0
;__Lib_MathDouble.mpas,171 :: 		
0x00B7	0x1D03      	BTFSS      STATUS, 2
;__Lib_MathDouble.mpas,172 :: 		
0x00B8	0x28C1      	GOTO       NORM3232
;__Lib_MathDouble.mpas,173 :: 		
0x00B9	0x0871      	MOVF       R1, 0
;__Lib_MathDouble.mpas,174 :: 		
0x00BA	0x00F2      	MOVWF      R2
;__Lib_MathDouble.mpas,175 :: 		
0x00BB	0x01F1      	CLRF       R1
;__Lib_MathDouble.mpas,176 :: 		
0x00BC	0x11A0      	BCF        __math_tempbD, 3
;__Lib_MathDouble.mpas,177 :: 		
0x00BD	0x1620      	BSF        __math_tempbD, 4
;__Lib_MathDouble.mpas,179 :: 		
0x00BE	0x0872      	MOVF       R2, 0
;__Lib_MathDouble.mpas,180 :: 		
0x00BF	0x1903      	BTFSC      STATUS, 2
;__Lib_MathDouble.mpas,181 :: 		
0x00C0	0x28CF      	GOTO       JPNRES032
;__Lib_MathDouble.mpas,182 :: 		
NORM3232:
;__Lib_MathDouble.mpas,183 :: 		
0x00C1	0x0820      	MOVF       __math_tempbD, 0
;__Lib_MathDouble.mpas,184 :: 		
0x00C2	0x02F3      	SUBWF      R3, 1
;__Lib_MathDouble.mpas,185 :: 		
0x00C3	0x1D03      	BTFSS      STATUS, 2
;__Lib_MathDouble.mpas,186 :: 		
0x00C4	0x1C03      	BTFSS      STATUS, 0
;__Lib_MathDouble.mpas,187 :: 		
0x00C5	0x28D3      	GOTO       JPNSETFUN32
;__Lib_MathDouble.mpas,188 :: 		
0x00C6	0x1003      	BCF        STATUS, 0
;__Lib_MathDouble.mpas,189 :: 		
NORM3232A:
;__Lib_MathDouble.mpas,190 :: 		
0x00C7	0x1BF2      	BTFSC      R2, 7
;__Lib_MathDouble.mpas,191 :: 		
0x00C8	0x28D7      	GOTO       JMPNFIXSIGN32
;__Lib_MathDouble.mpas,192 :: 		
0x00C9	0x0DF0      	RLF        R0, 1
;__Lib_MathDouble.mpas,193 :: 		
0x00CA	0x0DF1      	RLF        R1, 1
;__Lib_MathDouble.mpas,194 :: 		
0x00CB	0x0DF2      	RLF        R2, 1
;__Lib_MathDouble.mpas,195 :: 		
0x00CC	0x0BF3      	DECFSZ     R3, 1
;__Lib_MathDouble.mpas,196 :: 		
0x00CD	0x28C7      	GOTO       NORM3232A
;__Lib_MathDouble.mpas,197 :: 		
0x00CE	0x28D3      	GOTO       JPNSETFUN32
;__Lib_MathDouble.mpas,198 :: 		
JPNRES032:
;__Lib_MathDouble.mpas,199 :: 		
0x00CF	0x3001      	MOVLW      1
;__Lib_MathDouble.mpas,200 :: 		
0x00D0	0x00FC      	MOVWF      R12
;__Lib_MathDouble.mpas,202 :: 		
0x00D1	0x202A      	CALL       _RES032
;__Lib_MathDouble.mpas,204 :: 		
0x00D2	0x28DA      	GOTO       NORM32EEE
;__Lib_MathDouble.mpas,205 :: 		
JPNSETFUN32:
;__Lib_MathDouble.mpas,206 :: 		
0x00D3	0x3002      	MOVLW      2
;__Lib_MathDouble.mpas,207 :: 		
0x00D4	0x00FC      	MOVWF      R12
;__Lib_MathDouble.mpas,209 :: 		
0x00D5	0x201E      	CALL       _SETFUN32
;__Lib_MathDouble.mpas,211 :: 		
0x00D6	0x28DA      	GOTO       NORM32EEE
;__Lib_MathDouble.mpas,212 :: 		
JMPNFIXSIGN32:
;__Lib_MathDouble.mpas,213 :: 		
0x00D7	0x3004      	MOVLW      4
;__Lib_MathDouble.mpas,214 :: 		
0x00D8	0x00FC      	MOVWF      R12
;__Lib_MathDouble.mpas,216 :: 		
0x00D9	0x201A      	CALL       _FIXSIGN32
;__Lib_MathDouble.mpas,218 :: 		
NORM32EEE:
;__Lib_MathDouble.mpas,220 :: 		
L_end_NRM3232:
0x00DA	0x0008      	RETURN
; end of _NRM3232
_Word2Double:
;__Lib_MathDouble.mpas,1834 :: 		
;__Lib_MathDouble.mpas,1840 :: 		
0x00DB	0x1283      	BCF        STATUS, 5
;__Lib_MathDouble.mpas,1841 :: 		
0x00DC	0x1303      	BCF        STATUS, 6
;__Lib_MathDouble.mpas,1842 :: 		
0x00DD	0x0870      	MOVF       R0, 0
;__Lib_MathDouble.mpas,1843 :: 		
0x00DE	0x00F8      	MOVWF      R8
;__Lib_MathDouble.mpas,1844 :: 		
0x00DF	0x0871      	MOVF       R1, 0
;__Lib_MathDouble.mpas,1845 :: 		
0x00E0	0x00F0      	MOVWF      R0
;__Lib_MathDouble.mpas,1846 :: 		
0x00E1	0x01F1      	CLRF       R1
;__Lib_MathDouble.mpas,1847 :: 		
0x00E2	0x01F2      	CLRF       R2
;__Lib_MathDouble.mpas,1848 :: 		
0x00E3	0x01F3      	CLRF       R3
;__Lib_MathDouble.mpas,1851 :: 		
0x00E4	0x01FB      	CLRF       R11
;__Lib_MathDouble.mpas,1852 :: 		
0x00E5	0x01FC      	CLRF       R12
;__Lib_MathDouble.mpas,1854 :: 		
0x00E6	0x3096      	MOVLW      150
;__Lib_MathDouble.mpas,1855 :: 		
0x00E7	0x00F3      	MOVWF      R3
;__Lib_MathDouble.mpas,1856 :: 		
0x00E8	0x01FA      	CLRF       R10
;__Lib_MathDouble.mpas,1858 :: 		
0x00E9	0x0870      	MOVF       R0, 0
;__Lib_MathDouble.mpas,1859 :: 		
0x00EA	0x00F1      	MOVWF      R1
;__Lib_MathDouble.mpas,1860 :: 		
0x00EB	0x0878      	MOVF       R8, 0
;__Lib_MathDouble.mpas,1861 :: 		
0x00EC	0x00F0      	MOVWF      R0
;__Lib_MathDouble.mpas,1862 :: 		
0x00ED	0x01F8      	CLRF       R8
;__Lib_MathDouble.mpas,1863 :: 		
0x00EE	0x01F2      	CLRF       R2
;__Lib_MathDouble.mpas,1865 :: 		
0x00EF	0x20AC      	CALL       _NRM3232
;__Lib_MathDouble.mpas,1866 :: 		
L_end_Word2Double:
0x00F0	0x0008      	RETURN
; end of _Word2Double
_I2C1_Stop:
;__Lib_I2C_c34.mpas,103 :: 		
;__Lib_I2C_c34.mpas,104 :: 		
0x00F1	0x1683      	BSF        STATUS, 5
0x00F2	0x1303      	BCF        STATUS, 6
0x00F3	0x1511      	BSF        SSPCON2, 2
;__Lib_I2C_c34.mpas,105 :: 		
L_end_I2C1_Stop:
0x00F4	0x0008      	RETURN
; end of _I2C1_Stop
_I2C1_Wr:
;__Lib_I2C_c34.mpas,84 :: 		
;__Lib_I2C_c34.mpas,85 :: 		
0x00F5	0x1283      	BCF        STATUS, 5
0x00F6	0x1303      	BCF        STATUS, 6
0x00F7	0x118C      	BCF        PIR1, 3
;__Lib_I2C_c34.mpas,86 :: 		
0x00F8	0x0841      	MOVF       FARG_I2C1_Wr_data_, 0
0x00F9	0x0093      	MOVWF      SSPBUF
;__Lib_I2C_c34.mpas,88 :: 		
L__I2C1_Wr47:
0x00FA	0x1683      	BSF        STATUS, 5
0x00FB	0x1D14      	BTFSS      SSPSTAT, 2
0x00FC	0x28FF      	GOTO       L__I2C1_Wr48
0x00FD	0x0000      	NOP
0x00FE	0x28FA      	GOTO       L__I2C1_Wr47
L__I2C1_Wr48:
;__Lib_I2C_c34.mpas,90 :: 		
L__I2C1_Wr52:
0x00FF	0x1283      	BCF        STATUS, 5
0x0100	0x198C      	BTFSC      PIR1, 3
0x0101	0x2904      	GOTO       L__I2C1_Wr53
0x0102	0x0000      	NOP
0x0103	0x28FF      	GOTO       L__I2C1_Wr52
L__I2C1_Wr53:
;__Lib_I2C_c34.mpas,92 :: 		
0x0104	0x1683      	BSF        STATUS, 5
0x0105	0x1B11      	BTFSC      SSPCON2, 6
0x0106	0x2909      	GOTO       L__I2C1_Wr57
;__Lib_I2C_c34.mpas,93 :: 		
0x0107	0x01F1      	CLRF       R1
0x0108	0x290C      	GOTO       L__I2C1_Wr58
;__Lib_I2C_c34.mpas,94 :: 		
L__I2C1_Wr57:
;__Lib_I2C_c34.mpas,96 :: 		
0x0109	0x1511      	BSF        SSPCON2, 2
;__Lib_I2C_c34.mpas,97 :: 		
0x010A	0x3002      	MOVLW      2
0x010B	0x00F1      	MOVWF      R1
;__Lib_I2C_c34.mpas,98 :: 		
L__I2C1_Wr58:
;__Lib_I2C_c34.mpas,99 :: 		
0x010C	0x0871      	MOVF       R1, 0
0x010D	0x00F0      	MOVWF      R0
L_end_I2C1_Wr:
0x010E	0x0008      	RETURN
; end of _I2C1_Wr
_Lcd_Chr_CP:
;__Lib_Lcd.mpas,65 :: 		
;__Lib_Lcd.mpas,66 :: 		
0x010F	0x1283      	BCF        STATUS, 5
0x0110	0x1303      	BCF        STATUS, 6
0x0111	0x1021      	BCF        __Lib_Lcd_cmd_status, BitPos(__Lib_Lcd_cmd_status+0)
;__Lib_Lcd.mpas,67 :: 		
0x0112	0x0841      	MOVF       FARG_Lcd_Chr_CP_Out_Char, 0
0x0113	0x00C5      	MOVWF      FARG_Lcd_Cmd_out_char
0x0114	0x204E      	CALL       _Lcd_Cmd
;__Lib_Lcd.mpas,68 :: 		
0x0115	0x1421      	BSF        __Lib_Lcd_cmd_status, BitPos(__Lib_Lcd_cmd_status+0)
;__Lib_Lcd.mpas,69 :: 		
L_end_Lcd_Chr_CP:
0x0116	0x0008      	RETURN
; end of _Lcd_Chr_CP
_I2C1_Repeated_Start:
;__Lib_I2C_c34.mpas,58 :: 		
;__Lib_I2C_c34.mpas,59 :: 		
0x0117	0x1683      	BSF        STATUS, 5
0x0118	0x1303      	BCF        STATUS, 6
0x0119	0x1491      	BSF        SSPCON2, 1
;__Lib_I2C_c34.mpas,60 :: 		
L__I2C1_Repeated_Start27:
0x011A	0x1C91      	BTFSS      SSPCON2, 1
0x011B	0x291E      	GOTO       L__I2C1_Repeated_Start28
;__Lib_I2C_c34.mpas,61 :: 		
0x011C	0x0000      	NOP
0x011D	0x291A      	GOTO       L__I2C1_Repeated_Start27
L__I2C1_Repeated_Start28:
;__Lib_I2C_c34.mpas,62 :: 		
L_end_I2C1_Repeated_Start:
0x011E	0x0008      	RETURN
; end of _I2C1_Repeated_Start
_Mul_32x32_FP:
;__Lib_MathDouble.mpas,586 :: 		
;__Lib_MathDouble.mpas,600 :: 		
0x011F	0x1283      	BCF        STATUS, 5
;__Lib_MathDouble.mpas,601 :: 		
0x0120	0x1303      	BCF        STATUS, 6
;__Lib_MathDouble.mpas,603 :: 		
0x0121	0x01FB      	CLRF       R11
;__Lib_MathDouble.mpas,604 :: 		
0x0122	0x0873      	MOVF       R3, 0
;__Lib_MathDouble.mpas,605 :: 		
0x0123	0x1D03      	BTFSS      STATUS, 2
;__Lib_MathDouble.mpas,606 :: 		
0x0124	0x0877      	MOVF       R7, 0
;__Lib_MathDouble.mpas,607 :: 		
0x0125	0x1903      	BTFSC      STATUS, 2
;__Lib_MathDouble.mpas,608 :: 		
0x0126	0x2976      	GOTO       JPMRES032
;__Lib_MathDouble.mpas,610 :: 		
0x0127	0x0872      	MOVF       R2, 0
;__Lib_MathDouble.mpas,611 :: 		
0x0128	0x0676      	XORWF      R6, 0
;__Lib_MathDouble.mpas,612 :: 		
0x0129	0x00FA      	MOVWF      R10
;__Lib_MathDouble.mpas,613 :: 		
0x012A	0x0877      	MOVF       R7, 0
;__Lib_MathDouble.mpas,614 :: 		
0x012B	0x07F3      	ADDWF      R3, 1
;__Lib_MathDouble.mpas,615 :: 		
0x012C	0x307E      	MOVLW      126
;__Lib_MathDouble.mpas,616 :: 		
0x012D	0x1C03      	BTFSS      STATUS, 0
;__Lib_MathDouble.mpas,617 :: 		
0x012E	0x2933      	GOTO       MTUN32
;__Lib_MathDouble.mpas,618 :: 		
0x012F	0x02F3      	SUBWF      R3, 1
;__Lib_MathDouble.mpas,619 :: 		
0x0130	0x1803      	BTFSC      STATUS, 0
;__Lib_MathDouble.mpas,620 :: 		
0x0131	0x2979      	GOTO       JPMSETFOV32
;__Lib_MathDouble.mpas,621 :: 		
0x0132	0x2936      	GOTO       MOK32
;__Lib_MathDouble.mpas,622 :: 		
MTUN32:
;__Lib_MathDouble.mpas,623 :: 		
0x0133	0x02F3      	SUBWF      R3, 1
;__Lib_MathDouble.mpas,624 :: 		
0x0134	0x1C03      	BTFSS      STATUS, 0
;__Lib_MathDouble.mpas,625 :: 		
0x0135	0x297C      	GOTO       JPMSETFUN32
;__Lib_MathDouble.mpas,626 :: 		
MOK32:
;__Lib_MathDouble.mpas,627 :: 		
0x0136	0x0872      	MOVF       R2, 0
;__Lib_MathDouble.mpas,628 :: 		
0x0137	0x00F8      	MOVWF      R8
;__Lib_MathDouble.mpas,629 :: 		
0x0138	0x0871      	MOVF       R1, 0
;__Lib_MathDouble.mpas,630 :: 		
0x0139	0x00FC      	MOVWF      R12
;__Lib_MathDouble.mpas,631 :: 		
0x013A	0x0870      	MOVF       R0, 0
;__Lib_MathDouble.mpas,632 :: 		
0x013B	0x00FD      	MOVWF      R13
;__Lib_MathDouble.mpas,633 :: 		
0x013C	0x17F8      	BSF        R8, 7
;__Lib_MathDouble.mpas,634 :: 		
0x013D	0x17F6      	BSF        R6, 7
;__Lib_MathDouble.mpas,635 :: 		
0x013E	0x1003      	BCF        STATUS, 0
;__Lib_MathDouble.mpas,636 :: 		
0x013F	0x01F2      	CLRF       R2
;__Lib_MathDouble.mpas,637 :: 		
0x0140	0x01F1      	CLRF       R1
;__Lib_MathDouble.mpas,638 :: 		
0x0141	0x01F0      	CLRF       R0
;__Lib_MathDouble.mpas,639 :: 		
0x0142	0x3018      	MOVLW      24
;__Lib_MathDouble.mpas,640 :: 		
0x0143	0x00A0      	MOVWF      __math_tempbD
;__Lib_MathDouble.mpas,641 :: 		
MLOOP32:
;__Lib_MathDouble.mpas,642 :: 		
0x0144	0x1C7D      	BTFSS      R13, 0
;__Lib_MathDouble.mpas,643 :: 		
0x0145	0x2950      	GOTO       MNOADD32
;__Lib_MathDouble.mpas,645 :: 		
0x0146	0x0874      	MOVF       R4, 0
;__Lib_MathDouble.mpas,646 :: 		
0x0147	0x07F0      	ADDWF      R0, 1
;__Lib_MathDouble.mpas,647 :: 		
0x0148	0x0875      	MOVF       R5, 0
;__Lib_MathDouble.mpas,648 :: 		
0x0149	0x1803      	BTFSC      STATUS, 0
;__Lib_MathDouble.mpas,649 :: 		
0x014A	0x0F75      	INCFSZ     R5, 0
;__Lib_MathDouble.mpas,650 :: 		
0x014B	0x07F1      	ADDWF      R1, 1
;__Lib_MathDouble.mpas,651 :: 		
0x014C	0x0876      	MOVF       R6, 0
;__Lib_MathDouble.mpas,652 :: 		
0x014D	0x1803      	BTFSC      STATUS, 0
;__Lib_MathDouble.mpas,653 :: 		
0x014E	0x0F76      	INCFSZ     R6, 0
;__Lib_MathDouble.mpas,654 :: 		
0x014F	0x07F2      	ADDWF      R2, 1
;__Lib_MathDouble.mpas,655 :: 		
MNOADD32:
;__Lib_MathDouble.mpas,656 :: 		
0x0150	0x0CF2      	RRF        R2, 1
;__Lib_MathDouble.mpas,657 :: 		
0x0151	0x0CF1      	RRF        R1, 1
;__Lib_MathDouble.mpas,658 :: 		
0x0152	0x0CF0      	RRF        R0, 1
;__Lib_MathDouble.mpas,659 :: 		
0x0153	0x0CF8      	RRF        R8, 1
;__Lib_MathDouble.mpas,660 :: 		
0x0154	0x0CFC      	RRF        R12, 1
;__Lib_MathDouble.mpas,661 :: 		
0x0155	0x0CFD      	RRF        R13, 1
;__Lib_MathDouble.mpas,662 :: 		
0x0156	0x1003      	BCF        STATUS, 0
;__Lib_MathDouble.mpas,663 :: 		
0x0157	0x0BA0      	DECFSZ     __math_tempbD, 1
;__Lib_MathDouble.mpas,664 :: 		
0x0158	0x2944      	GOTO       MLOOP32
;__Lib_MathDouble.mpas,665 :: 		
0x0159	0x1BF2      	BTFSC      R2, 7
;__Lib_MathDouble.mpas,666 :: 		
0x015A	0x2960      	GOTO       MROUND32
;__Lib_MathDouble.mpas,667 :: 		
0x015B	0x0DF8      	RLF        R8, 1
;__Lib_MathDouble.mpas,668 :: 		
0x015C	0x0DF0      	RLF        R0, 1
;__Lib_MathDouble.mpas,669 :: 		
0x015D	0x0DF1      	RLF        R1, 1
;__Lib_MathDouble.mpas,670 :: 		
0x015E	0x0DF2      	RLF        R2, 1
;__Lib_MathDouble.mpas,671 :: 		
0x015F	0x03F3      	DECF       R3, 1
;__Lib_MathDouble.mpas,672 :: 		
MROUND32:
;__Lib_MathDouble.mpas,673 :: 		
0x0160	0x1B7B      	BTFSC      R11, 6
;__Lib_MathDouble.mpas,674 :: 		
0x0161	0x1C70      	BTFSS      R0, 0
;__Lib_MathDouble.mpas,675 :: 		
0x0162	0x2972      	GOTO       MUL32OK
;__Lib_MathDouble.mpas,676 :: 		
0x0163	0x1FF8      	BTFSS      R8, 7
;__Lib_MathDouble.mpas,677 :: 		
0x0164	0x2972      	GOTO       MUL32OK
;__Lib_MathDouble.mpas,678 :: 		
0x0165	0x0AF0      	INCF       R0, 1
;__Lib_MathDouble.mpas,679 :: 		
0x0166	0x1903      	BTFSC      STATUS, 2
;__Lib_MathDouble.mpas,680 :: 		
0x0167	0x0AF1      	INCF       R1, 1
;__Lib_MathDouble.mpas,681 :: 		
0x0168	0x1903      	BTFSC      STATUS, 2
;__Lib_MathDouble.mpas,682 :: 		
0x0169	0x0AF2      	INCF       R2, 1
;__Lib_MathDouble.mpas,683 :: 		
0x016A	0x1D03      	BTFSS      STATUS, 2
;__Lib_MathDouble.mpas,684 :: 		
0x016B	0x2972      	GOTO       MUL32OK
;__Lib_MathDouble.mpas,685 :: 		
0x016C	0x0CF2      	RRF        R2, 1
;__Lib_MathDouble.mpas,686 :: 		
0x016D	0x0CF1      	RRF        R1, 1
;__Lib_MathDouble.mpas,687 :: 		
0x016E	0x0CF0      	RRF        R0, 1
;__Lib_MathDouble.mpas,688 :: 		
0x016F	0x0AF3      	INCF       R3, 1
;__Lib_MathDouble.mpas,689 :: 		
0x0170	0x1903      	BTFSC      STATUS, 2
;__Lib_MathDouble.mpas,690 :: 		
0x0171	0x2979      	GOTO       JPMSETFOV32
;__Lib_MathDouble.mpas,691 :: 		
MUL32OK:
;__Lib_MathDouble.mpas,692 :: 		
0x0172	0x1FFA      	BTFSS      R10, 7
;__Lib_MathDouble.mpas,693 :: 		
0x0173	0x13F2      	BCF        R2, 7
;__Lib_MathDouble.mpas,694 :: 		
0x0174	0x3000      	MOVLW      0
;__Lib_MathDouble.mpas,696 :: 		
0x0175	0x297E      	GOTO       MUL32EEE
;__Lib_MathDouble.mpas,697 :: 		
JPMRES032:
;__Lib_MathDouble.mpas,698 :: 		
0x0176	0x3001      	MOVLW      1
;__Lib_MathDouble.mpas,701 :: 		
0x0177	0x202A      	CALL       _RES032
;__Lib_MathDouble.mpas,703 :: 		
0x0178	0x297E      	GOTO       MUL32EEE
;__Lib_MathDouble.mpas,704 :: 		
JPMSETFOV32:
;__Lib_MathDouble.mpas,705 :: 		
0x0179	0x3002      	MOVLW      2
;__Lib_MathDouble.mpas,708 :: 		
0x017A	0x208E      	CALL       _SETFOV32
;__Lib_MathDouble.mpas,710 :: 		
0x017B	0x297E      	GOTO       MUL32EEE
;__Lib_MathDouble.mpas,711 :: 		
JPMSETFUN32:
;__Lib_MathDouble.mpas,712 :: 		
0x017C	0x3004      	MOVLW      4
;__Lib_MathDouble.mpas,715 :: 		
0x017D	0x201E      	CALL       _SETFUN32
;__Lib_MathDouble.mpas,717 :: 		
MUL32EEE:
;__Lib_MathDouble.mpas,718 :: 		
0x017E	0x0000      	NOP
;__Lib_MathDouble.mpas,720 :: 		
L_end_Mul_32x32_FP:
0x017F	0x0008      	RETURN
; end of _Mul_32x32_FP
_WordToStr:
;__Lib_Conversions.mpas,115 :: 		
;__Lib_Conversions.mpas,116 :: 		
0x0180	0x1283      	BCF        STATUS, 5
0x0181	0x1303      	BCF        STATUS, 6
0x0182	0x0843      	MOVF       FARG_WordToStr_output, 0
0x0183	0x0084      	MOVWF      FSR
0x0184	0x3020      	MOVLW      32
0x0185	0x0080      	MOVWF      INDF
0x0186	0x0A84      	INCF       FSR, 1
0x0187	0x3020      	MOVLW      32
0x0188	0x0080      	MOVWF      INDF
0x0189	0x0A84      	INCF       FSR, 1
0x018A	0x3020      	MOVLW      32
0x018B	0x0080      	MOVWF      INDF
0x018C	0x0A84      	INCF       FSR, 1
0x018D	0x3020      	MOVLW      32
0x018E	0x0080      	MOVWF      INDF
0x018F	0x0A84      	INCF       FSR, 1
0x0190	0x3030      	MOVLW      48
0x0191	0x0080      	MOVWF      INDF
0x0192	0x0A84      	INCF       FSR, 1
0x0193	0x0180      	CLRF       INDF
0x0194	0x0A84      	INCF       FSR, 1
;__Lib_Conversions.mpas,117 :: 		
0x0195	0x3004      	MOVLW      4
0x0196	0x0743      	ADDWF      FARG_WordToStr_output, 0
0x0197	0x00C4      	MOVWF      WordToStr_ptr
;__Lib_Conversions.mpas,118 :: 		
L__WordToStr14:
0x0198	0x3000      	MOVLW      0
0x0199	0x0642      	XORWF      FARG_WordToStr_input+1, 0
0x019A	0x1D03      	BTFSS      STATUS, 2
0x019B	0x299E      	GOTO       L__WordToStr197
0x019C	0x3000      	MOVLW      0
0x019D	0x0641      	XORWF      FARG_WordToStr_input, 0
L__WordToStr197:
0x019E	0x1903      	BTFSC      STATUS, 2
0x019F	0x29C0      	GOTO       L__WordToStr15
;__Lib_Conversions.mpas,120 :: 		
0x01A0	0x300A      	MOVLW      10
0x01A1	0x00F4      	MOVWF      R4
0x01A2	0x01F5      	CLRF       R4+1
0x01A3	0x0841      	MOVF       FARG_WordToStr_input, 0
0x01A4	0x00F0      	MOVWF      R0
0x01A5	0x0842      	MOVF       FARG_WordToStr_input+1, 0
0x01A6	0x00F1      	MOVWF      R0+1
0x01A7	0x2031      	CALL       _Div_16x16_U
0x01A8	0x0878      	MOVF       R8, 0
0x01A9	0x00F0      	MOVWF      R0
0x01AA	0x0879      	MOVF       R8+1, 0
0x01AB	0x00F1      	MOVWF      R0+1
0x01AC	0x3030      	MOVLW      48
0x01AD	0x07F0      	ADDWF      R0, 1
0x01AE	0x0844      	MOVF       WordToStr_ptr, 0
0x01AF	0x0084      	MOVWF      FSR
0x01B0	0x0870      	MOVF       R0, 0
0x01B1	0x0080      	MOVWF      INDF
;__Lib_Conversions.mpas,121 :: 		
0x01B2	0x300A      	MOVLW      10
0x01B3	0x00F4      	MOVWF      R4
0x01B4	0x01F5      	CLRF       R4+1
0x01B5	0x0841      	MOVF       FARG_WordToStr_input, 0
0x01B6	0x00F0      	MOVWF      R0
0x01B7	0x0842      	MOVF       FARG_WordToStr_input+1, 0
0x01B8	0x00F1      	MOVWF      R0+1
0x01B9	0x2031      	CALL       _Div_16x16_U
0x01BA	0x0870      	MOVF       R0, 0
0x01BB	0x00C1      	MOVWF      FARG_WordToStr_input
0x01BC	0x0871      	MOVF       R0+1, 0
0x01BD	0x00C2      	MOVWF      FARG_WordToStr_input+1
;__Lib_Conversions.mpas,122 :: 		
0x01BE	0x03C4      	DECF       WordToStr_ptr, 1
;__Lib_Conversions.mpas,123 :: 		
0x01BF	0x2998      	GOTO       L__WordToStr14
L__WordToStr15:
;__Lib_Conversions.mpas,124 :: 		
L_end_WordToStr:
0x01C0	0x0008      	RETURN
; end of _WordToStr
_I2C1_Start:
;__Lib_I2C_c34.mpas,41 :: 		
;__Lib_I2C_c34.mpas,42 :: 		
0x01C1	0x1283      	BCF        STATUS, 5
0x01C2	0x1303      	BCF        STATUS, 6
0x01C3	0x01C2      	CLRF       I2C1_Start_j
0x01C4	0x01C3      	CLRF       I2C1_Start_j+1
L__I2C1_Start10:
;__Lib_I2C_c34.mpas,43 :: 		
0x01C5	0x209A      	CALL       _I2C1_Is_Idle
0x01C6	0x0870      	MOVF       R0, 0
0x01C7	0x3A00      	XORLW      0
0x01C8	0x1903      	BTFSC      STATUS, 2
0x01C9	0x29CB      	GOTO       L__I2C1_Start15
;__Lib_I2C_c34.mpas,44 :: 		
0x01CA	0x29D8      	GOTO       L__I2C1_Start13
L__I2C1_Start15:
0x01CB	0x1283      	BCF        STATUS, 5
0x01CC	0x0843      	MOVF       I2C1_Start_j+1, 0
0x01CD	0x3A12      	XORLW      18
0x01CE	0x1D03      	BTFSS      STATUS, 2
0x01CF	0x29D2      	GOTO       L__I2C1_Start63
0x01D0	0x308E      	MOVLW      142
0x01D1	0x0642      	XORWF      I2C1_Start_j, 0
L__I2C1_Start63:
0x01D2	0x1903      	BTFSC      STATUS, 2
0x01D3	0x29D8      	GOTO       L__I2C1_Start13
0x01D4	0x0AC2      	INCF       I2C1_Start_j, 1
0x01D5	0x1903      	BTFSC      STATUS, 2
0x01D6	0x0AC3      	INCF       I2C1_Start_j+1, 1
0x01D7	0x29C5      	GOTO       L__I2C1_Start10
L__I2C1_Start13:
0x01D8	0x1283      	BCF        STATUS, 5
;__Lib_I2C_c34.mpas,46 :: 		
0x01D9	0x3012      	MOVLW      18
0x01DA	0x0243      	SUBWF      I2C1_Start_j+1, 0
0x01DB	0x1D03      	BTFSS      STATUS, 2
0x01DC	0x29DF      	GOTO       L__I2C1_Start64
0x01DD	0x308F      	MOVLW      143
0x01DE	0x0242      	SUBWF      I2C1_Start_j, 0
L__I2C1_Start64:
0x01DF	0x1C03      	BTFSS      STATUS, 0
0x01E0	0x29E4      	GOTO       L__I2C1_Start18
;__Lib_I2C_c34.mpas,47 :: 		
0x01E1	0x307B      	MOVLW      123
0x01E2	0x00C1      	MOVWF      I2C1_Start_local_result
0x01E3	0x29EC      	GOTO       L__I2C1_Start19
;__Lib_I2C_c34.mpas,48 :: 		
L__I2C1_Start18:
;__Lib_I2C_c34.mpas,50 :: 		
0x01E4	0x1683      	BSF        STATUS, 5
0x01E5	0x1411      	BSF        SSPCON2, 0
;__Lib_I2C_c34.mpas,51 :: 		
L__I2C1_Start21:
0x01E6	0x1C11      	BTFSS      SSPCON2, 0
0x01E7	0x29EA      	GOTO       L__I2C1_Start22
0x01E8	0x0000      	NOP
0x01E9	0x29E6      	GOTO       L__I2C1_Start21
L__I2C1_Start22:
;__Lib_I2C_c34.mpas,52 :: 		
0x01EA	0x1283      	BCF        STATUS, 5
0x01EB	0x01C1      	CLRF       I2C1_Start_local_result
;__Lib_I2C_c34.mpas,53 :: 		
L__I2C1_Start19:
;__Lib_I2C_c34.mpas,54 :: 		
0x01EC	0x0841      	MOVF       I2C1_Start_local_result, 0
0x01ED	0x00F0      	MOVWF      R0
L_end_I2C1_Start:
0x01EE	0x0008      	RETURN
; end of _I2C1_Start
_I2C1_Rd:
;__Lib_I2C_c34.mpas,66 :: 		
;__Lib_I2C_c34.mpas,68 :: 		
0x01EF	0x1283      	BCF        STATUS, 5
0x01F0	0x1303      	BCF        STATUS, 6
0x01F1	0x118C      	BCF        PIR1, 3
;__Lib_I2C_c34.mpas,69 :: 		
0x01F2	0x1683      	BSF        STATUS, 5
0x01F3	0x1591      	BSF        SSPCON2, 3
;__Lib_I2C_c34.mpas,70 :: 		
L__I2C1_Rd33:
0x01F4	0x1283      	BCF        STATUS, 5
0x01F5	0x198C      	BTFSC      PIR1, 3
0x01F6	0x29F9      	GOTO       L__I2C1_Rd34
0x01F7	0x0000      	NOP
0x01F8	0x29F4      	GOTO       L__I2C1_Rd33
L__I2C1_Rd34:
;__Lib_I2C_c34.mpas,72 :: 		
0x01F9	0x0813      	MOVF       SSPBUF, 0
0x01FA	0x00F1      	MOVWF      R1
;__Lib_I2C_c34.mpas,73 :: 		
0x01FB	0x1683      	BSF        STATUS, 5
0x01FC	0x1291      	BCF        SSPCON2, 5
;__Lib_I2C_c34.mpas,74 :: 		
0x01FD	0x1283      	BCF        STATUS, 5
0x01FE	0x0841      	MOVF       FARG_I2C1_Rd_ack, 0
0x01FF	0x3A00      	XORLW      0
0x0200	0x1D03      	BTFSS      STATUS, 2
0x0201	0x2A04      	GOTO       L__I2C1_Rd38
;__Lib_I2C_c34.mpas,75 :: 		
0x0202	0x1683      	BSF        STATUS, 5
0x0203	0x1691      	BSF        SSPCON2, 5
L__I2C1_Rd38:
;__Lib_I2C_c34.mpas,77 :: 		
0x0204	0x1283      	BCF        STATUS, 5
0x0205	0x118C      	BCF        PIR1, 3
;__Lib_I2C_c34.mpas,78 :: 		
0x0206	0x1683      	BSF        STATUS, 5
0x0207	0x1611      	BSF        SSPCON2, 4
;__Lib_I2C_c34.mpas,79 :: 		
L__I2C1_Rd41:
0x0208	0x1283      	BCF        STATUS, 5
0x0209	0x198C      	BTFSC      PIR1, 3
0x020A	0x2A0D      	GOTO       L__I2C1_Rd42
0x020B	0x0000      	NOP
0x020C	0x2A08      	GOTO       L__I2C1_Rd41
L__I2C1_Rd42:
;__Lib_I2C_c34.mpas,80 :: 		
0x020D	0x0871      	MOVF       R1, 0
0x020E	0x00F0      	MOVWF      R0
L_end_I2C1_Rd:
0x020F	0x0008      	RETURN
; end of _I2C1_Rd
_Lcd_Out:
;__Lib_Lcd.mpas,207 :: 		
;__Lib_Lcd.mpas,210 :: 		
0x0210	0x1283      	BCF        STATUS, 5
0x0211	0x1303      	BCF        STATUS, 6
0x0212	0x083D      	MOVF       FARG_Lcd_Out_row, 0
0x0213	0x3A01      	XORLW      1
0x0214	0x1D03      	BTFSS      STATUS, 2
0x0215	0x2A19      	GOTO       L__Lcd_Out30
0x0216	0x3080      	MOVLW      128
0x0217	0x00BD      	MOVWF      FARG_Lcd_Out_row
0x0218	0x2A30      	GOTO       L__Lcd_Out27
L__Lcd_Out30:
;__Lib_Lcd.mpas,211 :: 		
0x0219	0x083D      	MOVF       FARG_Lcd_Out_row, 0
0x021A	0x3A02      	XORLW      2
0x021B	0x1D03      	BTFSS      STATUS, 2
0x021C	0x2A20      	GOTO       L__Lcd_Out33
0x021D	0x30C0      	MOVLW      192
0x021E	0x00BD      	MOVWF      FARG_Lcd_Out_row
0x021F	0x2A30      	GOTO       L__Lcd_Out27
L__Lcd_Out33:
;__Lib_Lcd.mpas,212 :: 		
0x0220	0x083D      	MOVF       FARG_Lcd_Out_row, 0
0x0221	0x3A03      	XORLW      3
0x0222	0x1D03      	BTFSS      STATUS, 2
0x0223	0x2A27      	GOTO       L__Lcd_Out36
0x0224	0x3094      	MOVLW      148
0x0225	0x00BD      	MOVWF      FARG_Lcd_Out_row
0x0226	0x2A30      	GOTO       L__Lcd_Out27
L__Lcd_Out36:
;__Lib_Lcd.mpas,213 :: 		
0x0227	0x083D      	MOVF       FARG_Lcd_Out_row, 0
0x0228	0x3A04      	XORLW      4
0x0229	0x1D03      	BTFSS      STATUS, 2
0x022A	0x2A2E      	GOTO       L__Lcd_Out39
0x022B	0x30D4      	MOVLW      212
0x022C	0x00BD      	MOVWF      FARG_Lcd_Out_row
;__Lib_Lcd.mpas,214 :: 		
0x022D	0x2A30      	GOTO       L__Lcd_Out27
L__Lcd_Out39:
;__Lib_Lcd.mpas,215 :: 		
0x022E	0x3080      	MOVLW      128
0x022F	0x00BD      	MOVWF      FARG_Lcd_Out_row
L__Lcd_Out27:
;__Lib_Lcd.mpas,218 :: 		
0x0230	0x033E      	DECF       FARG_Lcd_Out_column, 0
0x0231	0x00F0      	MOVWF      R0
0x0232	0x083D      	MOVF       FARG_Lcd_Out_row, 0
0x0233	0x07F0      	ADDWF      R0, 1
0x0234	0x0870      	MOVF       R0, 0
0x0235	0x00BD      	MOVWF      FARG_Lcd_Out_row
;__Lib_Lcd.mpas,220 :: 		
0x0236	0x0870      	MOVF       R0, 0
0x0237	0x00C5      	MOVWF      FARG_Lcd_Cmd_out_char
0x0238	0x204E      	CALL       _Lcd_Cmd
;__Lib_Lcd.mpas,221 :: 		
0x0239	0x1021      	BCF        __Lib_Lcd_cmd_status, BitPos(__Lib_Lcd_cmd_status+0)
;__Lib_Lcd.mpas,222 :: 		
0x023A	0x01C0      	CLRF       Lcd_Out_i
;__Lib_Lcd.mpas,223 :: 		
L__Lcd_Out41:
0x023B	0x0840      	MOVF       Lcd_Out_i, 0
0x023C	0x073F      	ADDWF      FARG_Lcd_Out_text, 0
0x023D	0x0084      	MOVWF      FSR
0x023E	0x0800      	MOVF       INDF, 0
0x023F	0x3A00      	XORLW      0
0x0240	0x1903      	BTFSC      STATUS, 2
0x0241	0x2A4A      	GOTO       L__Lcd_Out42
;__Lib_Lcd.mpas,225 :: 		
0x0242	0x0840      	MOVF       Lcd_Out_i, 0
0x0243	0x073F      	ADDWF      FARG_Lcd_Out_text, 0
0x0244	0x0084      	MOVWF      FSR
0x0245	0x0800      	MOVF       INDF, 0
0x0246	0x00C1      	MOVWF      FARG_Lcd_Chr_CP_Out_Char
0x0247	0x210F      	CALL       _Lcd_Chr_CP
;__Lib_Lcd.mpas,226 :: 		
0x0248	0x0AC0      	INCF       Lcd_Out_i, 1
;__Lib_Lcd.mpas,227 :: 		
0x0249	0x2A3B      	GOTO       L__Lcd_Out41
L__Lcd_Out42:
;__Lib_Lcd.mpas,228 :: 		
0x024A	0x1421      	BSF        __Lib_Lcd_cmd_status, BitPos(__Lib_Lcd_cmd_status+0)
;__Lib_Lcd.mpas,229 :: 		
L_end_Lcd_Out:
0x024B	0x0008      	RETURN
; end of _Lcd_Out
eir_sersor_Convert_raw:
;eir_sersor.mbas,48 :: 		sub procedure Convert_raw()
;eir_sersor.mbas,50 :: 		Sensor = SensorRaw * 0.02 - 273.15 ' Raw temp to Celsius
0x024C	0x1283      	BCF        STATUS, 5
0x024D	0x1303      	BCF        STATUS, 6
0x024E	0x0824      	MOVF       _SensorRaw, 0
0x024F	0x00F0      	MOVWF      R0
0x0250	0x0825      	MOVF       _SensorRaw+1, 0
0x0251	0x00F1      	MOVWF      R0+1
0x0252	0x20DB      	CALL       _Word2Double
0x0253	0x300A      	MOVLW      10
0x0254	0x00F4      	MOVWF      R4
0x0255	0x30D7      	MOVLW      215
0x0256	0x00F5      	MOVWF      R4+1
0x0257	0x3023      	MOVLW      35
0x0258	0x00F6      	MOVWF      R4+2
0x0259	0x3079      	MOVLW      121
0x025A	0x00F7      	MOVWF      R4+3
0x025B	0x211F      	CALL       _Mul_32x32_FP
0x025C	0x3033      	MOVLW      51
0x025D	0x02F0      	SUBWF      R0, 1
0x025E	0x1C03      	BTFSS      STATUS, 0
0x025F	0x03F1      	DECF       R0+1, 1
0x0260	0x3093      	MOVLW      147
0x0261	0x02F1      	SUBWF      R0+1, 1
0x0262	0x0870      	MOVF       R0, 0
0x0263	0x00A6      	MOVWF      _Sensor
0x0264	0x0871      	MOVF       R0+1, 0
0x0265	0x00A7      	MOVWF      _Sensor+1
;eir_sersor.mbas,52 :: 		WordToStr(Sensor, SensorString)
0x0266	0x0870      	MOVF       R0, 0
0x0267	0x00C1      	MOVWF      FARG_WordToStr_input
0x0268	0x0871      	MOVF       R0+1, 0
0x0269	0x00C2      	MOVWF      FARG_WordToStr_input+1
0x026A	0x3028      	MOVLW      _SensorString
0x026B	0x00C3      	MOVWF      FARG_WordToStr_output
0x026C	0x2180      	CALL       _WordToStr
0x026D	0x0008      	RETURN
; end of eir_sersor_Convert_raw
eir_sersor_Read_OBJ_temp:
;eir_sersor.mbas,32 :: 		sub procedure Read_OBJ_temp()
;eir_sersor.mbas,34 :: 		I2C1_Start() '//' issue I2C start signal
0x026E	0x21C1      	CALL       _I2C1_Start
;eir_sersor.mbas,35 :: 		I2C1_Wr(MLX90614_ADDR) '//' send address (device address + W)
0x026F	0x305A      	MOVLW      90
0x0270	0x00C1      	MOVWF      FARG_I2C1_Wr_data_
0x0271	0x20F5      	CALL       _I2C1_Wr
;eir_sersor.mbas,36 :: 		I2C1_Wr(MLX90614_TOBJ1) '//' send command
0x0272	0x3007      	MOVLW      7
0x0273	0x1283      	BCF        STATUS, 5
0x0274	0x00C1      	MOVWF      FARG_I2C1_Wr_data_
0x0275	0x20F5      	CALL       _I2C1_Wr
;eir_sersor.mbas,37 :: 		I2C1_Repeated_Start() '//' issue I2C signal repeated start
0x0276	0x2117      	CALL       _I2C1_Repeated_Start
;eir_sersor.mbas,38 :: 		I2C1_Wr(MLX90614_ADDR OR 0x01) '//' send address (device address + R)
0x0277	0x305B      	MOVLW      91
0x0278	0x1283      	BCF        STATUS, 5
0x0279	0x00C1      	MOVWF      FARG_I2C1_Wr_data_
0x027A	0x20F5      	CALL       _I2C1_Wr
;eir_sersor.mbas,40 :: 		SensorLow = I2C1_Rd(1) '//' Read temp. low byte (acknowledge) PIC FREEZES
0x027B	0x3001      	MOVLW      1
0x027C	0x1283      	BCF        STATUS, 5
0x027D	0x00C1      	MOVWF      FARG_I2C1_Rd_ack
0x027E	0x21EF      	CALL       _I2C1_Rd
0x027F	0x0870      	MOVF       R0, 0
0x0280	0x00AE      	MOVWF      _SensorLow
;eir_sersor.mbas,41 :: 		SensorHigh = I2C1_Rd(1)'//' Read temp. high byte (acknowledge) PIC FREEZES
0x0281	0x3001      	MOVLW      1
0x0282	0x00C1      	MOVWF      FARG_I2C1_Rd_ack
0x0283	0x21EF      	CALL       _I2C1_Rd
0x0284	0x0870      	MOVF       R0, 0
0x0285	0x00AF      	MOVWF      _SensorHigh
;eir_sersor.mbas,42 :: 		PEC = I2C1_Rd(1) ' Read PEC (not used) (acknowledge) PIC FREEZES
0x0286	0x3001      	MOVLW      1
0x0287	0x00C1      	MOVWF      FARG_I2C1_Rd_ack
0x0288	0x21EF      	CALL       _I2C1_Rd
0x0289	0x0870      	MOVF       R0, 0
0x028A	0x00B0      	MOVWF      _PEC
;eir_sersor.mbas,43 :: 		I2C1_Stop() ' issue I2C stop signal
0x028B	0x20F1      	CALL       _I2C1_Stop
;eir_sersor.mbas,45 :: 		SensorRaw = SensorLow OR (SensorHigh <<8 )' //' Build temp. word
0x028C	0x1283      	BCF        STATUS, 5
0x028D	0x082F      	MOVF       _SensorHigh, 0
0x028E	0x00F1      	MOVWF      R0+1
0x028F	0x01F0      	CLRF       R0
0x0290	0x0870      	MOVF       R0, 0
0x0291	0x042E      	IORWF      _SensorLow, 0
0x0292	0x00A4      	MOVWF      _SensorRaw
0x0293	0x3000      	MOVLW      0
0x0294	0x0471      	IORWF      R0+1, 0
0x0295	0x00A5      	MOVWF      _SensorRaw+1
0x0296	0x0008      	RETURN
; end of eir_sersor_Read_OBJ_temp
_Lcd_Init:
;__Lib_Lcd.mpas,104 :: 		
;__Lib_Lcd.mpas,106 :: 		
0x0297	0x1683      	BSF        STATUS, 5
0x0298	0x1303      	BCF        STATUS, 6
0x0299	0x1286      	BCF        LCD_EN_Direction, BitPos(LCD_EN_Direction+0)
;__Lib_Lcd.mpas,107 :: 		
0x029A	0x1206      	BCF        LCD_RS_Direction, BitPos(LCD_RS_Direction+0)
;__Lib_Lcd.mpas,108 :: 		
0x029B	0x1006      	BCF        LCD_D4_Direction, BitPos(LCD_D4_Direction+0)
;__Lib_Lcd.mpas,109 :: 		
0x029C	0x1086      	BCF        LCD_D5_Direction, BitPos(LCD_D5_Direction+0)
;__Lib_Lcd.mpas,110 :: 		
0x029D	0x1106      	BCF        LCD_D6_Direction, BitPos(LCD_D6_Direction+0)
;__Lib_Lcd.mpas,111 :: 		
0x029E	0x1186      	BCF        LCD_D7_Direction, BitPos(LCD_D7_Direction+0)
;__Lib_Lcd.mpas,113 :: 		
0x029F	0x1283      	BCF        STATUS, 5
0x02A0	0x1286      	BCF        LCD_EN, BitPos(LCD_EN+0)
;__Lib_Lcd.mpas,114 :: 		
0x02A1	0x1206      	BCF        LCD_RS, BitPos(LCD_RS+0)
;__Lib_Lcd.mpas,115 :: 		
0x02A2	0x1186      	BCF        LCD_D7, BitPos(LCD_D7+0)
;__Lib_Lcd.mpas,116 :: 		
0x02A3	0x1106      	BCF        LCD_D6, BitPos(LCD_D6+0)
;__Lib_Lcd.mpas,117 :: 		
0x02A4	0x1086      	BCF        LCD_D5, BitPos(LCD_D5+0)
;__Lib_Lcd.mpas,118 :: 		
0x02A5	0x1006      	BCF        LCD_D4, BitPos(LCD_D4+0)
;__Lib_Lcd.mpas,120 :: 		
0x02A6	0x200A      	CALL       _Delay_5500us
;__Lib_Lcd.mpas,121 :: 		
0x02A7	0x200A      	CALL       _Delay_5500us
;__Lib_Lcd.mpas,122 :: 		
0x02A8	0x200A      	CALL       _Delay_5500us
;__Lib_Lcd.mpas,125 :: 		
0x02A9	0x1486      	BSF        LCD_D5, BitPos(LCD_D5+0)
;__Lib_Lcd.mpas,126 :: 		
0x02AA	0x1406      	BSF        LCD_D4, BitPos(LCD_D4+0)
;__Lib_Lcd.mpas,127 :: 		
0x02AB	0x1686      	BSF        LCD_EN, BitPos(LCD_EN+0)
;__Lib_Lcd.mpas,128 :: 		
0x02AC	0x2017      	CALL       _Delay_1us
;__Lib_Lcd.mpas,129 :: 		
0x02AD	0x1286      	BCF        LCD_EN, BitPos(LCD_EN+0)
;__Lib_Lcd.mpas,130 :: 		
0x02AE	0x200A      	CALL       _Delay_5500us
;__Lib_Lcd.mpas,132 :: 		
0x02AF	0x1686      	BSF        LCD_EN, BitPos(LCD_EN+0)
;__Lib_Lcd.mpas,133 :: 		
0x02B0	0x2017      	CALL       _Delay_1us
;__Lib_Lcd.mpas,134 :: 		
0x02B1	0x1286      	BCF        LCD_EN, BitPos(LCD_EN+0)
;__Lib_Lcd.mpas,135 :: 		
0x02B2	0x200A      	CALL       _Delay_5500us
;__Lib_Lcd.mpas,137 :: 		
0x02B3	0x1686      	BSF        LCD_EN, BitPos(LCD_EN+0)
;__Lib_Lcd.mpas,138 :: 		
0x02B4	0x2017      	CALL       _Delay_1us
;__Lib_Lcd.mpas,139 :: 		
0x02B5	0x1286      	BCF        LCD_EN, BitPos(LCD_EN+0)
;__Lib_Lcd.mpas,140 :: 		
0x02B6	0x200A      	CALL       _Delay_5500us
;__Lib_Lcd.mpas,143 :: 		
0x02B7	0x1006      	BCF        LCD_D4, BitPos(LCD_D4+0)
;__Lib_Lcd.mpas,144 :: 		
0x02B8	0x1686      	BSF        LCD_EN, BitPos(LCD_EN+0)
;__Lib_Lcd.mpas,145 :: 		
0x02B9	0x2017      	CALL       _Delay_1us
;__Lib_Lcd.mpas,146 :: 		
0x02BA	0x1286      	BCF        LCD_EN, BitPos(LCD_EN+0)
;__Lib_Lcd.mpas,147 :: 		
0x02BB	0x200A      	CALL       _Delay_5500us
;__Lib_Lcd.mpas,150 :: 		
0x02BC	0x1686      	BSF        LCD_EN, BitPos(LCD_EN+0)
;__Lib_Lcd.mpas,151 :: 		
0x02BD	0x2017      	CALL       _Delay_1us
;__Lib_Lcd.mpas,152 :: 		
0x02BE	0x1286      	BCF        LCD_EN, BitPos(LCD_EN+0)
;__Lib_Lcd.mpas,154 :: 		
0x02BF	0x1086      	BCF        LCD_D5, BitPos(LCD_D5+0)
;__Lib_Lcd.mpas,155 :: 		
0x02C0	0x1586      	BSF        LCD_D7, BitPos(LCD_D7+0)
;__Lib_Lcd.mpas,156 :: 		
0x02C1	0x1686      	BSF        LCD_EN, BitPos(LCD_EN+0)
;__Lib_Lcd.mpas,157 :: 		
0x02C2	0x2017      	CALL       _Delay_1us
;__Lib_Lcd.mpas,158 :: 		
0x02C3	0x1286      	BCF        LCD_EN, BitPos(LCD_EN+0)
;__Lib_Lcd.mpas,159 :: 		
0x02C4	0x200A      	CALL       _Delay_5500us
;__Lib_Lcd.mpas,162 :: 		
0x02C5	0x1186      	BCF        LCD_D7, BitPos(LCD_D7+0)
;__Lib_Lcd.mpas,163 :: 		
0x02C6	0x1406      	BSF        LCD_D4, BitPos(LCD_D4+0)
;__Lib_Lcd.mpas,164 :: 		
0x02C7	0x1686      	BSF        LCD_EN, BitPos(LCD_EN+0)
;__Lib_Lcd.mpas,165 :: 		
0x02C8	0x2017      	CALL       _Delay_1us
;__Lib_Lcd.mpas,166 :: 		
0x02C9	0x1286      	BCF        LCD_EN, BitPos(LCD_EN+0)
;__Lib_Lcd.mpas,168 :: 		
0x02CA	0x1006      	BCF        LCD_D4, BitPos(LCD_D4+0)
;__Lib_Lcd.mpas,169 :: 		
0x02CB	0x1686      	BSF        LCD_EN, BitPos(LCD_EN+0)
;__Lib_Lcd.mpas,170 :: 		
0x02CC	0x2017      	CALL       _Delay_1us
;__Lib_Lcd.mpas,171 :: 		
0x02CD	0x1286      	BCF        LCD_EN, BitPos(LCD_EN+0)
;__Lib_Lcd.mpas,172 :: 		
0x02CE	0x200A      	CALL       _Delay_5500us
;__Lib_Lcd.mpas,175 :: 		
0x02CF	0x1686      	BSF        LCD_EN, BitPos(LCD_EN+0)
;__Lib_Lcd.mpas,176 :: 		
0x02D0	0x2017      	CALL       _Delay_1us
;__Lib_Lcd.mpas,177 :: 		
0x02D1	0x1286      	BCF        LCD_EN, BitPos(LCD_EN+0)
;__Lib_Lcd.mpas,179 :: 		
0x02D2	0x1406      	BSF        LCD_D4, BitPos(LCD_D4+0)
;__Lib_Lcd.mpas,180 :: 		
0x02D3	0x1686      	BSF        LCD_EN, BitPos(LCD_EN+0)
;__Lib_Lcd.mpas,181 :: 		
0x02D4	0x2017      	CALL       _Delay_1us
;__Lib_Lcd.mpas,182 :: 		
0x02D5	0x1286      	BCF        LCD_EN, BitPos(LCD_EN+0)
;__Lib_Lcd.mpas,183 :: 		
0x02D6	0x200A      	CALL       _Delay_5500us
;__Lib_Lcd.mpas,186 :: 		
0x02D7	0x1006      	BCF        LCD_D4, BitPos(LCD_D4+0)
;__Lib_Lcd.mpas,187 :: 		
0x02D8	0x1686      	BSF        LCD_EN, BitPos(LCD_EN+0)
;__Lib_Lcd.mpas,188 :: 		
0x02D9	0x2017      	CALL       _Delay_1us
;__Lib_Lcd.mpas,189 :: 		
0x02DA	0x1286      	BCF        LCD_EN, BitPos(LCD_EN+0)
;__Lib_Lcd.mpas,191 :: 		
0x02DB	0x1586      	BSF        LCD_D7, BitPos(LCD_D7+0)
;__Lib_Lcd.mpas,192 :: 		
0x02DC	0x1506      	BSF        LCD_D6, BitPos(LCD_D6+0)
;__Lib_Lcd.mpas,193 :: 		
0x02DD	0x1486      	BSF        LCD_D5, BitPos(LCD_D5+0)
;__Lib_Lcd.mpas,194 :: 		
0x02DE	0x1406      	BSF        LCD_D4, BitPos(LCD_D4+0)
;__Lib_Lcd.mpas,195 :: 		
0x02DF	0x1686      	BSF        LCD_EN, BitPos(LCD_EN+0)
;__Lib_Lcd.mpas,196 :: 		
0x02E0	0x2017      	CALL       _Delay_1us
;__Lib_Lcd.mpas,197 :: 		
0x02E1	0x1286      	BCF        LCD_EN, BitPos(LCD_EN+0)
;__Lib_Lcd.mpas,199 :: 		
0x02E2	0x200A      	CALL       _Delay_5500us
;__Lib_Lcd.mpas,201 :: 		
0x02E3	0x1421      	BSF        __Lib_Lcd_cmd_status, BitPos(__Lib_Lcd_cmd_status+0)
;__Lib_Lcd.mpas,202 :: 		
L_end_Lcd_Init:
0x02E4	0x0008      	RETURN
; end of _Lcd_Init
_I2C1_Init:
;__Lib_I2C_c34.mpas,19 :: 		
;__Lib_I2C_c34.mpas,20 :: 		
0x02E5	0x1683      	BSF        STATUS, 5
0x02E6	0x1303      	BCF        STATUS, 6
0x02E7	0x1314      	BCF        SSPSTAT, 6
;__Lib_I2C_c34.mpas,21 :: 		
0x02E8	0x1394      	BCF        SSPSTAT, 7
;__Lib_I2C_c34.mpas,22 :: 		
0x02E9	0x1607      	BSF        TRISC4_bit, BitPos(TRISC4_bit+0)
;__Lib_I2C_c34.mpas,23 :: 		
0x02EA	0x1587      	BSF        TRISC3_bit, BitPos(TRISC3_bit+0)
;__Lib_I2C_c34.mpas,24 :: 		
0x02EB	0x3038      	MOVLW      56
0x02EC	0x1283      	BCF        STATUS, 5
0x02ED	0x0094      	MOVWF      SSPCON
;__Lib_I2C_c34.mpas,26 :: 		
L_end_I2C1_Init:
0x02EE	0x0008      	RETURN
; end of _I2C1_Init
_main:
;eir_sersor.mbas,58 :: 		main:
;eir_sersor.mbas,61 :: 		ANSEL=0
0x02EF	0x1683      	BSF        STATUS, 5
0x02F0	0x1703      	BSF        STATUS, 6
0x02F1	0x0188      	CLRF       ANSEL
;eir_sersor.mbas,62 :: 		ANSELH=0
0x02F2	0x0189      	CLRF       ANSELH
;eir_sersor.mbas,63 :: 		TRISB=0
0x02F3	0x0186      	CLRF       TRISB
;eir_sersor.mbas,64 :: 		PORTB=0
0x02F4	0x1283      	BCF        STATUS, 5
0x02F5	0x1303      	BCF        STATUS, 6
0x02F6	0x0186      	CLRF       PORTB
;eir_sersor.mbas,66 :: 		I2C1_Init(100000) '//' I2C/SMBus Clock speed 100 kHz
0x02F7	0x3014      	MOVLW      20
0x02F8	0x1683      	BSF        STATUS, 5
0x02F9	0x0093      	MOVWF      SSPADD
0x02FA	0x22E5      	CALL       _I2C1_Init
;eir_sersor.mbas,67 :: 		SETBIT(SSPSTAT, 6) '//' Force MSSP in SMBus mode
0x02FB	0x1683      	BSF        STATUS, 5
0x02FC	0x1714      	BSF        SSPSTAT, 6
;eir_sersor.mbas,69 :: 		Lcd_init()
0x02FD	0x2297      	CALL       _Lcd_Init
;eir_sersor.mbas,70 :: 		Lcd_Cmd(_LCD_CLEAR)
0x02FE	0x3001      	MOVLW      1
0x02FF	0x00C5      	MOVWF      FARG_Lcd_Cmd_out_char
0x0300	0x204E      	CALL       _Lcd_Cmd
;eir_sersor.mbas,71 :: 		Lcd_Cmd(_LCD_CURSOR_OFF)
0x0301	0x300C      	MOVLW      12
0x0302	0x00C5      	MOVWF      FARG_Lcd_Cmd_out_char
0x0303	0x204E      	CALL       _Lcd_Cmd
;eir_sersor.mbas,72 :: 		loop:
L__main_loop:
;eir_sersor.mbas,73 :: 		Read_OBJ_temp() '//' Read temp.
0x0304	0x226E      	CALL       eir_sersor_Read_OBJ_temp
;eir_sersor.mbas,74 :: 		Convert_raw()
0x0305	0x224C      	CALL       eir_sersor_Convert_raw
;eir_sersor.mbas,75 :: 		Lcd_Out(1,1,"object temp")
0x0306	0x3001      	MOVLW      1
0x0307	0x00BD      	MOVWF      FARG_Lcd_Out_row
0x0308	0x3001      	MOVLW      1
0x0309	0x00BE      	MOVWF      FARG_Lcd_Out_column
0x030A	0x3031      	MOVLW      _main_Local_Text
0x030B	0x0084      	MOVWF      FSR
0x030C	0x306F      	MOVLW      111
0x030D	0x0080      	MOVWF      INDF
0x030E	0x0A84      	INCF       FSR, 1
0x030F	0x3062      	MOVLW      98
0x0310	0x0080      	MOVWF      INDF
0x0311	0x0A84      	INCF       FSR, 1
0x0312	0x306A      	MOVLW      106
0x0313	0x0080      	MOVWF      INDF
0x0314	0x0A84      	INCF       FSR, 1
0x0315	0x3065      	MOVLW      101
0x0316	0x0080      	MOVWF      INDF
0x0317	0x0A84      	INCF       FSR, 1
0x0318	0x3063      	MOVLW      99
0x0319	0x0080      	MOVWF      INDF
0x031A	0x0A84      	INCF       FSR, 1
0x031B	0x3074      	MOVLW      116
0x031C	0x0080      	MOVWF      INDF
0x031D	0x0A84      	INCF       FSR, 1
0x031E	0x3020      	MOVLW      32
0x031F	0x0080      	MOVWF      INDF
0x0320	0x0A84      	INCF       FSR, 1
0x0321	0x3074      	MOVLW      116
0x0322	0x0080      	MOVWF      INDF
0x0323	0x0A84      	INCF       FSR, 1
0x0324	0x3065      	MOVLW      101
0x0325	0x0080      	MOVWF      INDF
0x0326	0x0A84      	INCF       FSR, 1
0x0327	0x306D      	MOVLW      109
0x0328	0x0080      	MOVWF      INDF
0x0329	0x0A84      	INCF       FSR, 1
0x032A	0x3070      	MOVLW      112
0x032B	0x0080      	MOVWF      INDF
0x032C	0x0A84      	INCF       FSR, 1
0x032D	0x0180      	CLRF       INDF
0x032E	0x0A84      	INCF       FSR, 1
0x032F	0x3031      	MOVLW      _main_Local_Text
0x0330	0x00BF      	MOVWF      FARG_Lcd_Out_text
0x0331	0x2210      	CALL       _Lcd_Out
;eir_sersor.mbas,76 :: 		Lcd_Out(2,2,SensorString)
0x0332	0x3002      	MOVLW      2
0x0333	0x00BD      	MOVWF      FARG_Lcd_Out_row
0x0334	0x3002      	MOVLW      2
0x0335	0x00BE      	MOVWF      FARG_Lcd_Out_column
0x0336	0x3028      	MOVLW      _SensorString
0x0337	0x00BF      	MOVWF      FARG_Lcd_Out_text
0x0338	0x2210      	CALL       _Lcd_Out
;eir_sersor.mbas,78 :: 		delay_ms(500)
0x0339	0x3006      	MOVLW      6
0x033A	0x00FB      	MOVWF      R11
0x033B	0x3013      	MOVLW      19
0x033C	0x00FC      	MOVWF      R12
0x033D	0x30AD      	MOVLW      173
0x033E	0x00FD      	MOVWF      R13
L__main4:
0x033F	0x0BFD      	DECFSZ     R13, 1
0x0340	0x2B3F      	GOTO       L__main4
0x0341	0x0BFC      	DECFSZ     R12, 1
0x0342	0x2B3F      	GOTO       L__main4
0x0343	0x0BFB      	DECFSZ     R11, 1
0x0344	0x2B3F      	GOTO       L__main4
0x0345	0x0000      	NOP
0x0346	0x0000      	NOP
;eir_sersor.mbas,79 :: 		Lcd_Cmd(_LCD_CLEAR)
0x0347	0x3001      	MOVLW      1
0x0348	0x00C5      	MOVWF      FARG_Lcd_Cmd_out_char
0x0349	0x204E      	CALL       _Lcd_Cmd
;eir_sersor.mbas,80 :: 		goto loop
0x034A	0x2B04      	GOTO       L__main_loop
0x034B	0x2B4B      	GOTO       $+0
; end of _main
Symbol List:
//** Routines locations **
//ADDRESS    SIZE    PROCEDURE
//----------------------------------------------
0x0003       [7]    _Delay_50us
0x000A      [13]    _Delay_5500us
0x0017       [3]    _Delay_1us
0x001A       [4]    _FIXSIGN32
0x001E      [12]    _SETFUN32
0x002A       [7]    _RES032
0x0031      [29]    _Div_16x16_U
0x004E      [64]    _Lcd_Cmd
0x008E      [12]    _SETFOV32
0x009A      [18]    _I2C1_Is_Idle
0x00AC      [47]    _NRM3232
0x00DB      [22]    _Word2Double
0x00F1       [4]    _I2C1_Stop
0x00F5      [26]    _I2C1_Wr
0x010F       [8]    _Lcd_Chr_CP
0x0117       [8]    _I2C1_Repeated_Start
0x011F      [97]    _Mul_32x32_FP
0x0180      [65]    _WordToStr
0x01C1      [46]    _I2C1_Start
0x01EF      [33]    _I2C1_Rd
0x0210      [60]    _Lcd_Out
0x024C      [34]    eir_sersor_Convert_raw
0x026E      [41]    eir_sersor_Read_OBJ_temp
0x0297      [78]    _Lcd_Init
0x02E5      [10]    _I2C1_Init
0x02EF      [93]    _main
//** Variables locations ** 
//ADDRESS    SIZE    VARIABLE
//----------------------------------------------
0x0000       [1]    INDF
0x0001       [1]    TMR0
0x0002       [1]    PCL
0x0003       [0]    Z_bit
0x0003       [0]    DC_bit
0x0003       [0]    NOT_PD_bit
0x0003       [0]    RP1_bit
0x0003       [0]    C_bit
0x0003       [0]    IRP_bit
0x0003       [0]    NOT_TO_bit
0x0003       [0]    RP0_bit
0x0003       [1]    STATUS
0x0004       [1]    FSRPTR
0x0004       [1]    FSR
0x0005       [0]    RA7_bit
0x0005       [0]    RA1_bit
0x0005       [0]    RA0_bit
0x0005       [0]    RA5_bit
0x0005       [1]    PORTA
0x0005       [0]    RA4_bit
0x0005       [0]    RA6_bit
0x0005       [0]    RA2_bit
0x0005       [0]    RA3_bit
0x0006       [0]    RB5_bit
0x0006       [0]    RB6_bit
0x0006       [0]    RB4_bit
0x0006       [0]    RB7_bit
0x0006       [0]    RB1_bit
0x0006       [0]    LCD_D6
0x0006       [0]    RB3_bit
0x0006       [0]    LCD_D5
0x0006       [0]    RB2_bit
0x0006       [0]    LCD_RS
0x0006       [1]    PORTB
0x0006       [0]    LCD_D4
0x0006       [0]    LCD_EN
0x0006       [0]    LCD_D7
0x0006       [0]    RB0_bit
0x0007       [0]    RC6_bit
0x0007       [0]    RC7_bit
0x0007       [0]    RC4_bit
0x0007       [0]    RC3_bit
0x0007       [0]    RC0_bit
0x0007       [0]    RC5_bit
0x0007       [1]    PORTC
0x0007       [0]    RC1_bit
0x0007       [0]    RC2_bit
0x0008       [0]    RD4_bit
0x0008       [0]    RD7_bit
0x0008       [0]    RD2_bit
0x0008       [0]    RD1_bit
0x0008       [0]    RD0_bit
0x0008       [0]    RD5_bit
0x0008       [1]    PORTD
0x0008       [0]    RD6_bit
0x0008       [0]    RD3_bit
0x0009       [0]    RE0_bit
0x0009       [0]    RE2_bit
0x0009       [0]    RE1_bit
0x0009       [1]    PORTE
0x0009       [0]    RE3_bit
0x000A       [1]    PCLATH
0x000B       [0]    PEIE_bit
0x000B       [0]    T0IE_bit
0x000B       [0]    GIE_bit
0x000B       [0]    TMR0IE_bit
0x000B       [0]    TMR0IF_bit
0x000B       [0]    INTE_bit
0x000B       [0]    RBIF_bit
0x000B       [1]    INTCON
0x000B       [0]    INTF_bit
0x000B       [0]    RBIE_bit
0x000B       [0]    T0IF_bit
0x000C       [0]    RCIF_bit
0x000C       [0]    TXIF_bit
0x000C       [1]    PIR1
0x000C       [0]    ADIF_bit
0x000C       [0]    TMR2IF_bit
0x000C       [0]    CCP1IF_bit
0x000C       [0]    SSPIF_bit
0x000C       [0]    TMR1IF_bit
0x000D       [0]    C2IF_bit
0x000D       [0]    C1IF_bit
0x000D       [1]    PIR2
0x000D       [0]    OSFIF_bit
0x000D       [0]    ULPWUIF_bit
0x000D       [0]    CCP2IF_bit
0x000D       [0]    BCLIF_bit
0x000D       [0]    EEIF_bit
0x000E       [1]    TMR1L
0x000F       [1]    TMR1H
0x0010       [0]    T1SYNC_bit
0x0010       [0]    NOT_T1SYNC_bit
0x0010       [0]    T1OSCEN_bit
0x0010       [0]    TMR1GE_bit
0x0010       [1]    T1CON
0x0010       [0]    TMR1ON_bit
0x0010       [0]    TMR1CS_bit
0x0010       [0]    T1CKPS0_bit
0x0010       [0]    T1CKPS1_bit
0x0010       [0]    T1GINV_T1CON_bit
0x0010       [0]    T1INSYNC_bit
0x0010       [0]    T1GINV_bit
0x0011       [1]    TMR2
0x0012       [0]    TOUTPS1_bit
0x0012       [0]    TOUTPS0_bit
0x0012       [0]    TOUTPS3_bit
0x0012       [1]    T2CON
0x0012       [0]    TOUTPS2_bit
0x0012       [0]    T2CKPS1_bit
0x0012       [0]    T2CKPS0_bit
0x0012       [0]    TMR2ON_bit
0x0013       [1]    SSPBUF
0x0014       [0]    SSPOV_bit
0x0014       [0]    SSPM3_bit
0x0014       [1]    SSPCON
0x0014       [0]    SSPM2_bit
0x0014       [0]    CKP_bit
0x0014       [0]    WCOL_bit
0x0014       [0]    SSPM0_bit
0x0014       [0]    SSPEN_bit
0x0014       [0]    SSPM1_bit
0x0015       [1]    CCPR1L
0x0015       [2]    CCPR1
0x0016       [1]    CCPR1H
0x0017       [0]    CCP1Y_bit
0x0017       [0]    P1M1_bit
0x0017       [0]    CCP1X_bit
0x0017       [0]    DC1B0_bit
0x0017       [0]    CCP1M3_bit
0x0017       [0]    DC1B1_bit
0x0017       [0]    P1M0_bit
0x0017       [1]    CCP1CON
0x0017       [0]    CCP1M0_bit
0x0017       [0]    CCP1M2_bit
0x0017       [0]    CCP1M1_bit
0x0018       [0]    CREN_bit
0x0018       [0]    SREN_bit
0x0018       [0]    ADDEN_bit
0x0018       [0]    RX9D_bit
0x0018       [0]    OERR_bit
0x0018       [0]    FERR_bit
0x0018       [0]    NOT_RC8_bit
0x0018       [0]    RC8_9_bit
0x0018       [1]    RCSTA
0x0018       [0]    RC9_bit
0x0018       [0]    RX9_bit
0x0018       [0]    SPEN_bit
0x0018       [0]    RCD8_bit
0x0019       [1]    TXREG
0x001A       [1]    RCREG
0x001B       [2]    CCPR2
0x001B       [1]    CCPR2L
0x001C       [1]    CCPR2H
0x001D       [1]    CCP2CON
0x001D       [0]    DC2B0_bit
0x001D       [0]    CCP2X_bit
0x001D       [0]    CCP2M2_bit
0x001D       [0]    CCP2Y_bit
0x001D       [0]    CCP2M3_bit
0x001D       [0]    DC2B1_bit
0x001D       [0]    CCP2M0_bit
0x001D       [0]    CCP2M1_bit
0x001E       [1]    ADRESH
0x001F       [0]    CHS1_bit
0x001F       [0]    ADON_bit
0x001F       [0]    CHS0_bit
0x001F       [0]    ADCS1_bit
0x001F       [1]    ADCON0
0x001F       [0]    CHS3_bit
0x001F       [0]    GO_DONE_bit
0x001F       [0]    ADCS0_bit
0x001F       [0]    CHS2_bit
0x001F       [0]    GO_bit
0x001F       [0]    NOT_DONE_bit
0x001F       [0]    GO_NOT_DONE_bit
0x0020       [1]    __math_tempbD
0x0021       [0]    __Lib_Lcd_cmd_status
0x0022       [2]    ___DoICPAddr
0x0024       [2]    _SensorRaw
0x0026       [2]    _Sensor
0x0028       [6]    _SensorString
0x002E       [1]    _SensorLow
0x002F       [1]    _SensorHigh
0x0030       [1]    _PEC
0x0031      [12]    _main_Local_Text
0x003D       [4]    FARG_I2C1_Init_clock
0x003D       [1]    FARG_Lcd_Out_row
0x003E       [1]    FARG_Lcd_Out_column
0x003F       [1]    FARG_Lcd_Out_text
0x0040       [1]    Lcd_Out_i
0x0041       [1]    I2C1_Start_local_result
0x0041       [1]    FARG_I2C1_Rd_ack
0x0041       [2]    FARG_WordToStr_input
0x0041       [1]    FARG_I2C1_Wr_data_
0x0041       [1]    FARG_Lcd_Chr_CP_Out_Char
0x0042       [2]    I2C1_Start_j
0x0043       [1]    FARG_WordToStr_output
0x0044       [1]    WordToStr_ptr
0x0045       [1]    FARG_Lcd_Cmd_out_char
0x0070       [1]    R0
0x0071       [1]    R1
0x0072       [1]    R2
0x0073       [1]    R3
0x0074       [1]    R4
0x0075       [1]    R5
0x0076       [1]    R6
0x0077       [1]    R7
0x0078       [1]    R8
0x0079       [1]    R9
0x007A       [1]    R10
0x007B       [1]    R11
0x007C       [1]    R12
0x007D       [1]    R13
0x007E       [1]    R14
0x007F       [1]    R15
0x0081       [0]    T0SE_bit
0x0081       [0]    PSA_bit
0x0081       [1]    OPTION_REG
0x0081       [0]    PS2_bit
0x0081       [0]    NOT_RBPU_bit
0x0081       [0]    INTEDG_bit
0x0081       [0]    PS1_bit
0x0081       [0]    PS0_bit
0x0081       [0]    T0CS_bit
0x0085       [0]    TRISA4_bit
0x0085       [0]    TRISA1_bit
0x0085       [0]    TRISA5_bit
0x0085       [0]    TRISA2_bit
0x0085       [0]    TRISA3_bit
0x0085       [0]    TRISA0_bit
0x0085       [1]    TRISA
0x0085       [0]    TRISA6_bit
0x0085       [0]    TRISA7_bit
0x0086       [0]    LCD_RS_Direction
0x0086       [0]    LCD_D7_Direction
0x0086       [0]    LCD_EN_Direction
0x0086       [0]    TRISB2_bit
0x0086       [1]    TRISB
0x0086       [0]    TRISB7_bit
0x0086       [0]    TRISB6_bit
0x0086       [0]    TRISB3_bit
0x0086       [0]    TRISB4_bit
0x0086       [0]    TRISB0_bit
0x0086       [0]    LCD_D4_Direction
0x0086       [0]    LCD_D5_Direction
0x0086       [0]    LCD_D6_Direction
0x0086       [0]    TRISB1_bit
0x0086       [0]    TRISB5_bit
0x0087       [0]    TRISC4_bit
0x0087       [0]    TRISC7_bit
0x0087       [0]    TRISC5_bit
0x0087       [1]    TRISC
0x0087       [0]    TRISC6_bit
0x0087       [0]    TRISC0_bit
0x0087       [0]    TRISC1_bit
0x0087       [0]    TRISC2_bit
0x0087       [0]    TRISC3_bit
0x0088       [0]    TRISD1_bit
0x0088       [1]    TRISD
0x0088       [0]    TRISD0_bit
0x0088       [0]    TRISD3_bit
0x0088       [0]    TRISD5_bit
0x0088       [0]    TRISD4_bit
0x0088       [0]    TRISD7_bit
0x0088       [0]    TRISD6_bit
0x0088       [0]    TRISD2_bit
0x0089       [0]    TRISE1_bit
0x0089       [0]    TRISE2_bit
0x0089       [0]    TRISE3_bit
0x0089       [1]    TRISE
0x0089       [0]    TRISE0_bit
0x008C       [0]    TXIE_bit
0x008C       [1]    PIE1
0x008C       [0]    SSPIE_bit
0x008C       [0]    CCP1IE_bit
0x008C       [0]    TMR2IE_bit
0x008C       [0]    TMR1IE_bit
0x008C       [0]    ADIE_bit
0x008C       [0]    RCIE_bit
0x008D       [0]    OSFIE_bit
0x008D       [0]    C1IE_bit
0x008D       [0]    C2IE_bit
0x008D       [1]    PIE2
0x008D       [0]    ULPWUIE_bit
0x008D       [0]    CCP2IE_bit
0x008D       [0]    EEIE_bit
0x008D       [0]    BCLIE_bit
0x008E       [1]    PCON
0x008E       [0]    ULPWUE_bit
0x008E       [0]    NOT_BO_bit
0x008E       [0]    SBOREN_bit
0x008E       [0]    NOT_BOR_bit
0x008E       [0]    NOT_POR_bit
0x008F       [0]    IRCF1_bit
0x008F       [0]    IRCF0_bit
0x008F       [1]    OSCCON
0x008F       [0]    IRCF2_bit
0x008F       [0]    LTS_bit
0x008F       [0]    SCS_bit
0x008F       [0]    OSTS_bit
0x008F       [0]    HTS_bit
0x0090       [0]    TUN4_bit
0x0090       [1]    OSCTUNE
0x0090       [0]    TUN3_bit
0x0090       [0]    TUN0_bit
0x0090       [0]    TUN1_bit
0x0090       [0]    TUN2_bit
0x0091       [0]    ACKSTAT_bit
0x0091       [0]    GCEN_bit
0x0091       [1]    SSPCON2
0x0091       [0]    ACKDT_bit
0x0091       [0]    RSEN_bit
0x0091       [0]    PEN_bit
0x0091       [0]    SEN_bit
0x0091       [0]    ACKEN_bit
0x0091       [0]    RCEN_bit
0x0092       [1]    PR2
0x0093       [0]    MSK7_bit
0x0093       [1]    SSPMSK
0x0093       [1]    MSK
0x0093       [1]    SSPADD
0x0093       [0]    MSK2_bit
0x0093       [0]    MSK3_bit
0x0093       [0]    MSK0_bit
0x0093       [0]    MSK1_bit
0x0093       [0]    MSK6_bit
0x0093       [0]    MSK5_bit
0x0093       [0]    MSK4_bit
0x0094       [0]    NOT_ADDRESS_bit
0x0094       [0]    R_W_bit
0x0094       [0]    NOT_A_bit
0x0094       [0]    NOT_WRITE_bit
0x0094       [0]    DATA_ADDRESS_bit
0x0094       [1]    SSPSTAT
0x0094       [0]    D_A_bit
0x0094       [0]    READ_WRITE_bit
0x0094       [0]    NOT_W_bit
0x0094       [0]    UA_bit
0x0094       [0]    BF_bit
0x0094       [0]    CKE_bit
0x0094       [0]    R_NOT_W_bit
0x0094       [0]    D_NOT_A_bit
0x0094       [0]    P_bit
0x0094       [0]    S_bit
0x0094       [0]    I2C_START__bit
0x0094       [0]    I2C_STOP__bit
0x0094       [0]    I2C_DATA_bit
0x0094       [0]    I2C_READ_bit
0x0094       [0]    SMP_bit
0x0094       [0]    R_bit
0x0094       [0]    D_bit
0x0095       [1]    WPUB
0x0095       [0]    WPUB2_bit
0x0095       [0]    WPUB3_bit
0x0095       [0]    WPUB0_bit
0x0095       [0]    WPUB1_bit
0x0095       [0]    WPUB6_bit
0x0095       [0]    WPUB7_bit
0x0095       [0]    WPUB4_bit
0x0095       [0]    WPUB5_bit
0x0096       [1]    IOCB
0x0096       [0]    IOCB2_bit
0x0096       [0]    IOCB3_bit
0x0096       [0]    IOCB0_bit
0x0096       [0]    IOCB1_bit
0x0096       [0]    IOCB4_bit
0x0096       [0]    IOCB7_bit
0x0096       [0]    IOCB6_bit
0x0096       [0]    IOCB5_bit
0x0097       [1]    VRCON
0x0097       [0]    VR1_bit
0x0097       [0]    VR0_bit
0x0097       [0]    VR3_bit
0x0097       [0]    VR2_bit
0x0097       [0]    VREN_bit
0x0097       [0]    VRSS_bit
0x0097       [0]    VRR_bit
0x0097       [0]    VROE_bit
0x0098       [0]    TX9D_bit
0x0098       [1]    TXSTA
0x0098       [0]    TXEN_bit
0x0098       [0]    TX9_bit
0x0098       [0]    SYNC_bit
0x0098       [0]    BRGH_bit
0x0098       [0]    SENDB_bit
0x0098       [0]    TX8_9_bit
0x0098       [0]    TRMT_bit
0x0098       [0]    NOT_TX8_bit
0x0098       [0]    CSRC_bit
0x0098       [0]    TXD8_bit
0x0099       [1]    SPBRG
0x0099       [0]    BRG5_bit
0x0099       [0]    BRG4_bit
0x0099       [0]    BRG7_bit
0x0099       [0]    BRG6_bit
0x0099       [0]    BRG3_bit
0x0099       [0]    BRG1_bit
0x0099       [0]    BRG2_bit
0x0099       [0]    BRG0_bit
0x009A       [0]    BRG8_bit
0x009A       [0]    BRG11_bit
0x009A       [0]    BRG12_bit
0x009A       [0]    BRG9_bit
0x009A       [0]    BRG10_bit
0x009A       [0]    BRG13_bit
0x009A       [1]    SPBRGH
0x009A       [0]    BRG15_bit
0x009A       [0]    BRG14_bit
0x009B       [1]    PWM1CON
0x009B       [0]    PDC1_bit
0x009B       [0]    PDC2_bit
0x009B       [0]    PRSEN_bit
0x009B       [0]    PDC0_bit
0x009B       [0]    PDC5_bit
0x009B       [0]    PDC6_bit
0x009B       [0]    PDC3_bit
0x009B       [0]    PDC4_bit
0x009C       [0]    PSSBD1_bit
0x009C       [0]    PSSAC0_bit
0x009C       [0]    ECCPASE_bit
0x009C       [0]    PSSBD0_bit
0x009C       [0]    PSSAC1_bit
0x009C       [0]    ECCPAS2_bit
0x009C       [1]    ECCPAS
0x009C       [0]    ECCPAS1_bit
0x009C       [0]    ECCPAS0_bit
0x009D       [1]    PSTRCON
0x009D       [0]    STRC_bit
0x009D       [0]    STRD_bit
0x009D       [0]    STRSYNC_bit
0x009D       [0]    STRB_bit
0x009D       [0]    STRA_bit
0x009E       [1]    ADRESL
0x009F       [0]    VCFG1_bit
0x009F       [0]    VCFG0_bit
0x009F       [1]    ADCON1
0x009F       [0]    ADFM_bit
0x0105       [1]    WDTCON
0x0105       [0]    WDTPS2_bit
0x0105       [0]    WDTPS3_bit
0x0105       [0]    WDTPS0_bit
0x0105       [0]    SWDTEN_bit
0x0105       [0]    WDTPS1_bit
0x0107       [0]    C1CH1_bit
0x0107       [0]    C1OUT_bit
0x0107       [0]    C1ON_bit
0x0107       [0]    C1CH0_bit
0x0107       [0]    C1R_bit
0x0107       [0]    C1POL_bit
0x0107       [0]    C1OE_bit
0x0107       [1]    CM1CON0
0x0108       [0]    C2R_bit
0x0108       [1]    CM2CON0
0x0108       [0]    C2CH1_bit
0x0108       [0]    C2POL_bit
0x0108       [0]    C2ON_bit
0x0108       [0]    C2CH0_bit
0x0108       [0]    C2OE_bit
0x0108       [0]    C2OUT_bit
0x0109       [0]    C1RSEL_bit
0x0109       [0]    MC2OUT_bit
0x0109       [0]    C2SYNC_bit
0x0109       [0]    C2RSEL_bit
0x0109       [0]    MC1OUT_bit
0x0109       [0]    T1GSS_bit
0x0109       [1]    CM2CON1
0x010C       [1]    EEDAT
0x010C       [1]    EEDATA
0x010D       [1]    EEADR
0x010E       [1]    EEDATH
0x010F       [1]    EEADRH
0x0185       [0]    C2REN_bit
0x0185       [0]    SR1_bit
0x0185       [0]    SR0_bit
0x0185       [0]    C1SEN_bit
0x0185       [0]    FVREN_bit
0x0185       [1]    SRCON
0x0185       [0]    PULSS_bit
0x0185       [0]    PULSR_bit
0x0187       [0]    BRG16_bit
0x0187       [0]    SCKP_bit
0x0187       [0]    ABDEN_bit
0x0187       [0]    WUE_bit
0x0187       [1]    BAUDCTL
0x0187       [0]    ABDOVF_bit
0x0187       [0]    RCIDL_bit
0x0188       [0]    ANS1_bit
0x0188       [0]    ANS5_bit
0x0188       [0]    ANS6_bit
0x0188       [0]    ANS7_bit
0x0188       [0]    ANS2_bit
0x0188       [0]    ANS3_bit
0x0188       [0]    ANS4_bit
0x0188       [1]    ANSEL
0x0188       [0]    ANS0_bit
0x0189       [0]    ANS10_bit
0x0189       [0]    ANS9_bit
0x0189       [0]    ANS13_bit
0x0189       [0]    ANS12_bit
0x0189       [0]    ANS11_bit
0x0189       [0]    ANS8_bit
0x0189       [1]    ANSELH
0x018C       [0]    WREN_bit
0x018C       [0]    WR_bit
0x018C       [0]    EEPGD_bit
0x018C       [0]    WRERR_bit
0x018C       [0]    RD_bit
0x018C       [1]    EECON1
0x018D       [1]    EECON2
//** Label List: ** 
//----------------------------------------------
  L_end_eir_sersor_Read_OBJ_temp
  L_end_eir_sersor_Convert_raw
  L_end__main
  L__main_loop
  L__main4
  eir_sersor_Read_OBJ_temp
  eir_sersor_Convert_raw
  _main
  L_end__ByteToHex
  L_end__ShortToHex
  L_end__WordToHex
  L_end__IntToHex
  L_end__LongWordToHex
  L_end__LongIntToHex
  L_end__ByteToStr
  L__ByteToStr7
  L__ByteToStr8
  L__ByteToStr9
  L__ByteToStr10
  L__ByteToStr11
  L_end__WordToStr
  L__WordToStr13
  L__WordToStr14
  L__WordToStr15
  L__WordToStr16
  L__WordToStr17
  L_end__WordToStrWithZeros
  L__WordToStrWithZeros19
  L__WordToStrWithZeros20
  L__WordToStrWithZeros21
  L__WordToStrWithZeros22
  L__WordToStrWithZeros23
  L_end__ShortToStr
  L__ShortToStr25
  L__ShortToStr26
  L__ShortToStr27
  L__ShortToStr28
  L__ShortToStr29
  L__ShortToStr30
  L__ShortToStr31
  L__ShortToStr32
  L__ShortToStr33
  L__ShortToStr34
  L__ShortToStr35
  L__ShortToStr36
  L__ShortToStr37
  L__ShortToStr38
  L_end__IntToStr
  L__IntToStr40
  L__IntToStr41
  L__IntToStr42
  L__IntToStr43
  L__IntToStr44
  L__IntToStr45
  L__IntToStr46
  L__IntToStr47
  L__IntToStr48
  L__IntToStr49
  L__IntToStr50
  L__IntToStr51
  L__IntToStr52
  L__IntToStr53
  L_end__IntToStrWithZeros
  L__IntToStrWithZeros55
  L__IntToStrWithZeros56
  L__IntToStrWithZeros57
  L__IntToStrWithZeros58
  L__IntToStrWithZeros59
  L__IntToStrWithZeros60
  L__IntToStrWithZeros61
  L__IntToStrWithZeros62
  L__IntToStrWithZeros63
  L__IntToStrWithZeros64
  L__IntToStrWithZeros65
  L__IntToStrWithZeros66
  L__IntToStrWithZeros67
  L__IntToStrWithZeros68
  L_end__LongWordToStr
  L__LongWordToStr70
  L__LongWordToStr71
  L__LongWordToStr72
  L__LongWordToStr73
  L__LongWordToStr74
  L_end__LongWordToStrWithZeros
  L__LongWordToStrWithZeros76
  L__LongWordToStrWithZeros77
  L__LongWordToStrWithZeros78
  L__LongWordToStrWithZeros79
  L__LongWordToStrWithZeros80
  L_end__LongIntToStr
  L__LongIntToStr82
  L__LongIntToStr83
  L__LongIntToStr84
  L__LongIntToStr85
  L__LongIntToStr86
  L__LongIntToStr87
  L__LongIntToStr88
  L__LongIntToStr89
  L__LongIntToStr90
  L__LongIntToStr91
  L__LongIntToStr92
  L__LongIntToStr93
  L__LongIntToStr94
  L__LongIntToStr95
  L_end__LongIntToStrWithZeros
  L__LongIntToStrWithZeros97
  L__LongIntToStrWithZeros98
  L__LongIntToStrWithZeros99
  L__LongIntToStrWithZeros100
  L__LongIntToStrWithZeros101
  L__LongIntToStrWithZeros102
  L__LongIntToStrWithZeros103
  L__LongIntToStrWithZeros104
  L__LongIntToStrWithZeros105
  L__LongIntToStrWithZeros106
  L__LongIntToStrWithZeros107
  L__LongIntToStrWithZeros108
  L__LongIntToStrWithZeros109
  L__LongIntToStrWithZeros110
  L_end__Bcd2Dec
  L_end__StrToWord
  L__StrToWord113
  L__StrToWord114
  L__StrToWord115
  L__StrToWord116
  L__StrToWord117
  L__StrToWord118
  L__StrToWord119
  L__StrToWord120
  L__StrToWord121
  L__StrToWord122
  L__StrToWord123
  L__StrToWord124
  L__StrToWord125
  L_end__StrToInt
  L__StrToInt127
  L__StrToInt128
  L__StrToInt129
  L__StrToInt130
  L__StrToInt131
  L__StrToInt132
  L__StrToInt133
  L__StrToInt134
  L__StrToInt135
  L__StrToInt136
  L__StrToInt137
  L__StrToInt138
  L__StrToInt139
  L__StrToInt140
  L__StrToInt141
  L__StrToInt142
  L__StrToInt143
  L__StrToInt144
  L__StrToInt145
  L__StrToInt146
  L__StrToInt147
  L__StrToInt148
  L_end__Dec2Bcd
  L__Dec2Bcd150
  L__Dec2Bcd151
  L__Dec2Bcd152
  L_end__Bcd2Dec16
  L_end__Dec2Bcd16
  L_end__FloatToStr
  L__FloatToStr156
  L__FloatToStr157
  L__FloatToStr158
  L__FloatToStr159
  L__FloatToStr160
  L__FloatToStr161
  L__FloatToStr162
  L__FloatToStr163
  L__FloatToStr164
  L__FloatToStr165
  L__FloatToStr166
  L__FloatToStr167
  L__FloatToStr168
  L__FloatToStr169
  L__FloatToStr170
  L__FloatToStr171
  L__FloatToStr172
  L__FloatToStr173
  L__FloatToStr174
  L__FloatToStr175
  L__FloatToStr176
  L__FloatToStr177
  L__FloatToStr178
  L__FloatToStr179
  L__FloatToStr180
  L__FloatToStr181
  L__FloatToStr182
  L__FloatToStr183
  L__FloatToStr184
  L__FloatToStr185
  L__FloatToStr186
  L__FloatToStr187
  L__FloatToStr188
  L_end_ByteToHex
  _ByteToHex
  L_end_ShortToHex
  _ShortToHex
  L_end_WordToHex
  _WordToHex
  L_end_IntToHex
  _IntToHex
  L_end_LongWordToHex
  _LongWordToHex
  L_end_LongIntToHex
  _LongIntToHex
  L_end_ByteToStr
  _ByteToStr
  L_end_WordToStr
  _WordToStr
  L__WordToStr197
  L_end_WordToStrWithZeros
  _WordToStrWithZeros
  L__WordToStrWithZeros199
  L_end_ShortToStr
  _ShortToStr
  L_end_IntToStr
  _IntToStr
  L__IntToStr202
  L__IntToStr203
  L__IntToStr204
  L_end_IntToStrWithZeros
  _IntToStrWithZeros
  L__IntToStrWithZeros206
  L__IntToStrWithZeros207
  L__IntToStrWithZeros208
  L_end_LongWordToStr
  _LongWordToStr
  L__LongWordToStr210
  L_end_LongWordToStrWithZeros
  _LongWordToStrWithZeros
  L__LongWordToStrWithZeros212
  L_end_LongIntToStr
  _LongIntToStr
  L__LongIntToStr214
  L__LongIntToStr215
  L__LongIntToStr216
  L_end_LongIntToStrWithZeros
  _LongIntToStrWithZeros
  L__LongIntToStrWithZeros218
  L__LongIntToStrWithZeros219
  L__LongIntToStrWithZeros220
  L_end_Bcd2Dec
  _Bcd2Dec
  L_end_StrToWord
  _StrToWord
  L__StrToWord223
  L_end_StrToInt
  _StrToInt
  L__StrToInt225
  L__StrToInt226
  L_end_Dec2Bcd
  _Dec2Bcd
  L_end_Bcd2Dec16
  _Bcd2Dec16
  L__Bcd2Dec16229
  L__Bcd2Dec16230
  L_end_Dec2Bcd16
  _Dec2Bcd16
  L__Dec2Bcd16232
  L__Dec2Bcd16233
  L_end_FloatToStr
  _FloatToStr
  L__FloatToStr235
  L__FloatToStr236
  L__FloatToStr237
  L__FloatToStr238
  L_end__Get_Fosc_kHz
  L_end__Delay_1us
  L_end__Delay_10us
  L__Delay_10us3
  L_end__Delay_22us
  L__Delay_22us5
  L_end__Delay_50us
  L__Delay_50us7
  L_end__Delay_80us
  L__Delay_80us9
  L_end__Delay_500us
  L__Delay_500us11
  L_end__Delay_5500us
  L__Delay_5500us13
  L_end__Delay_1ms
  L__Delay_1ms15
  L_end__Delay_5ms
  L__Delay_5ms17
  L_end__Delay_8ms
  L__Delay_8ms19
  L_end__Delay_10ms
  L__Delay_10ms21
  L_end__Delay_100ms
  L__Delay_100ms23
  L_end__Delay_1sec
  L__Delay_1sec25
  L_end__Delay_Cyc
  L__Delay_Cyc27
  L__Delay_Cyc28
  L__Delay_Cyc29
  L__Delay_Cyc30
  L__Delay_Cyc31
  L_end__VDelay_ms
  L__VDelay_ms33
  L__VDelay_ms34
  L__VDelay_ms35
  L__VDelay_ms36
  L__VDelay_ms37
  L__VDelay_ms38
  L__VDelay_ms39
  L__VDelay_ms40
  L_end__VDelay_Advanced_ms
  L__VDelay_Advanced_ms42
  L__VDelay_Advanced_ms43
  L__VDelay_Advanced_ms44
  L__VDelay_Advanced_ms45
  L__VDelay_Advanced_ms46
  L__VDelay_Advanced_ms47
  L__VDelay_Advanced_ms48
  L__VDelay_Advanced_ms49
  L_end_Get_Fosc_kHz
  _Get_Fosc_kHz
  L_end_Delay_1us
  _Delay_1us
  L_end_Delay_10us
  _Delay_10us
  L_end_Delay_22us
  _Delay_22us
  L_end_Delay_50us
  _Delay_50us
  L_end_Delay_80us
  _Delay_80us
  L_end_Delay_500us
  _Delay_500us
  L_end_Delay_5500us
  _Delay_5500us
  L_end_Delay_1ms
  _Delay_1ms
  L_end_Delay_5ms
  _Delay_5ms
  L_end_Delay_8ms
  _Delay_8ms
  L_end_Delay_10ms
  _Delay_10ms
  L_end_Delay_100ms
  _Delay_100ms
  L_end_Delay_1sec
  _Delay_1sec
  L_end_Delay_Cyc
  _Delay_Cyc
  L_end_VDelay_ms
  _VDelay_ms
  L__VDelay_ms66
  L__VDelay_ms67
  L__VDelay_ms68
  L__VDelay_ms69
  L_end_VDelay_Advanced_ms
  _VDelay_Advanced_ms
  L__VDelay_Advanced_ms71
  L__VDelay_Advanced_ms72
  L__VDelay_Advanced_ms73
  L__VDelay_Advanced_ms74
  L_end__I2C1_Init
  L_end__I2C1_Is_Idle
  L__I2C1_Is_Idle2
  L__I2C1_Is_Idle3
  L__I2C1_Is_Idle4
  L__I2C1_Is_Idle5
  L__I2C1_Is_Idle6
  L__I2C1_Is_Idle7
  L_end__I2C1_Start
  L__I2C1_Start9
  L__I2C1_Start10
  L__I2C1_Start11
  L__I2C1_Start12
  L__I2C1_Start13
  L__I2C1_Start14
  L__I2C1_Start15
  L__I2C1_Start16
  L__I2C1_Start17
  L__I2C1_Start18
  L__I2C1_Start19
  L__I2C1_Start20
  L__I2C1_Start21
  L__I2C1_Start22
  L__I2C1_Start23
  L__I2C1_Start24
  L_end__I2C1_Repeated_Start
  L__I2C1_Repeated_Start26
  L__I2C1_Repeated_Start27
  L__I2C1_Repeated_Start28
  L__I2C1_Repeated_Start29
  L__I2C1_Repeated_Start30
  L_end__I2C1_Rd
  L__I2C1_Rd32
  L__I2C1_Rd33
  L__I2C1_Rd34
  L__I2C1_Rd35
  L__I2C1_Rd36
  L__I2C1_Rd37
  L__I2C1_Rd38
  L__I2C1_Rd39
  L__I2C1_Rd40
  L__I2C1_Rd41
  L__I2C1_Rd42
  L__I2C1_Rd43
  L__I2C1_Rd44
  L_end__I2C1_Wr
  L__I2C1_Wr46
  L__I2C1_Wr47
  L__I2C1_Wr48
  L__I2C1_Wr49
  L__I2C1_Wr50
  L__I2C1_Wr51
  L__I2C1_Wr52
  L__I2C1_Wr53
  L__I2C1_Wr54
  L__I2C1_Wr55
  L__I2C1_Wr56
  L__I2C1_Wr57
  L__I2C1_Wr58
  L_end__I2C1_Stop
  L_end_I2C1_Init
  _I2C1_Init
  L_end_I2C1_Is_Idle
  _I2C1_Is_Idle
  L_end_I2C1_Start
  _I2C1_Start
  L__I2C1_Start63
  L__I2C1_Start64
  L_end_I2C1_Repeated_Start
  _I2C1_Repeated_Start
  L_end_I2C1_Rd
  _I2C1_Rd
  L_end_I2C1_Wr
  _I2C1_Wr
  L_end_I2C1_Stop
  _I2C1_Stop
  L_end__Lcd_Cmd
  L__Lcd_Cmd1
  L__Lcd_Cmd2
  L__Lcd_Cmd3
  L_end__Lcd_Chr_CP
  L_end__Lcd_Out_CP
  L__Lcd_Out_CP6
  L__Lcd_Out_CP7
  L__Lcd_Out_CP8
  L__Lcd_Out_CP9
  L__Lcd_Out_CP10
  L_end__Lcd_Chr
  L__Lcd_Chr12
  L__Lcd_Chr13
  L__Lcd_Chr14
  L__Lcd_Chr15
  L__Lcd_Chr16
  L__Lcd_Chr17
  L__Lcd_Chr18
  L__Lcd_Chr19
  L__Lcd_Chr20
  L__Lcd_Chr21
  L__Lcd_Chr22
  L__Lcd_Chr23
  L__Lcd_Chr24
  L_end__Lcd_Init
  L_end__Lcd_Out
  L__Lcd_Out27
  L__Lcd_Out28
  L__Lcd_Out29
  L__Lcd_Out30
  L__Lcd_Out31
  L__Lcd_Out32
  L__Lcd_Out33
  L__Lcd_Out34
  L__Lcd_Out35
  L__Lcd_Out36
  L__Lcd_Out37
  L__Lcd_Out38
  L__Lcd_Out39
  L__Lcd_Out40
  L__Lcd_Out41
  L__Lcd_Out42
  L__Lcd_Out43
  L__Lcd_Out44
  L_end_Lcd_Cmd
  _Lcd_Cmd
  L__Lcd_Cmd46
  L__Lcd_Cmd47
  L__Lcd_Cmd48
  L__Lcd_Cmd49
  L__Lcd_Cmd50
  L__Lcd_Cmd51
  L__Lcd_Cmd52
  L__Lcd_Cmd53
  L__Lcd_Cmd54
  L__Lcd_Cmd55
  L__Lcd_Cmd56
  L__Lcd_Cmd57
  L__Lcd_Cmd58
  L__Lcd_Cmd59
  L__Lcd_Cmd60
  L__Lcd_Cmd61
  L__Lcd_Cmd62
  L__Lcd_Cmd63
  L__Lcd_Cmd64
  L__Lcd_Cmd65
  L_end_Lcd_Chr_CP
  _Lcd_Chr_CP
  L_end_Lcd_Out_CP
  _Lcd_Out_CP
  L_end_Lcd_Chr
  _Lcd_Chr
  L_end_Lcd_Init
  _Lcd_Init
  L_end_Lcd_Out
  _Lcd_Out
  L_end__Mul_8x8_U
  L_end__Mul_16x16_U
  L_end__Div_8x8_U
  L__Div_8x8_U3
  L__Div_8x8_U4
  L__Div_8x8_U5
  L_end__Div_16x16_U
  L_end__Mul_8x8_S
  L_end__Mul_16x16_S
  L_end__Div_16x16_S_L
  L_end__Div_16x16_S
  L__Div_16x16_S11
  L__Div_16x16_S12
  L__Div_16x16_S13
  L__Div_16x16_S14
  L__Div_16x16_S15
  L__Div_16x16_S16
  L_end__Div_8x8_S
  L_end__SDIV3232L
  LOOPS3232A
  SADD22LA
  SOK22LA
  SADD22L8
  SOK22L8
  LOOPS3232B
  SADD22LB
  SOK22LB
  SADD22L16
  SOK22L16
  LOOPS3232C
  SADD22LC
  SOK22LC
  SADD22L24
  SOK22L24
  LOOPS3232D
  SADD22LD
  SOK22LD
  SOK22L
  L_end__COMFREM
  L_end__Div_32x32_S
  L__Div_32x32_S25
  L__Div_32x32_S26
  L__Div_32x32_S27
  L__Div_32x32_S28
  L__Div_32x32_S29
  L__Div_32x32_S30
  L__Div_32x32_S31
  L__Div_32x32_S32
  L__Div_32x32_S33
  L__Div_32x32_S34
  L__Div_32x32_S35
  L__Div_32x32_S36
  FXD3232S
  END_ALL
  CA3232S
  C3232SX
  C3232SX1
  C3232S
  C3232S2
  C3232SX4
  C3232SOK
  C3232SX3
  C3232SX2
  avoid_comfrem
  L_end__Div_32x32_U
  LOOPU3232A
  UADD22LA
  UOK22LA
  UADD22L8
  UOK22L8
  LOOPU3232B
  UADD22LB
  UOK22LB
  UADD22L16
  UOK22L16
  LOOPU3232C
  UADD22LC
  UOK22LC
  UADD22L24
  UOK22L24
  LOOPU3232D
  UADD22LD
  UOK22LD
  UOK22L
  L_end__Mul_32x32_U
  _NEXT
  _EXIT2
  _LOOP
  _EXIT1
  L_end__Mul_32x32_S
  _IF_FIRST
  _IF_SECOND
  _INVERCE_FIRST
  _MULT
  _INBERSE_SECOND
  _EXIT
  L_end_Mul_8x8_U
  _Mul_8x8_U
  L_end_Mul_16x16_U
  _Mul_16x16_U
  L_end_Div_8x8_U
  _Div_8x8_U
  L_end_Div_16x16_U
  _Div_16x16_U
  L_end_Mul_8x8_S
  _Mul_8x8_S
  L_end_Mul_16x16_S
  _Mul_16x16_S
  L_end_Div_16x16_S_L
  _Div_16x16_S_L
  L_end_Div_16x16_S
  _Div_16x16_S
  L_end_Div_8x8_S
  _Div_8x8_S
  L_end_SDIV3232L
  _SDIV3232L
  L_end_COMFREM
  _COMFREM
  L_end_Div_32x32_S
  _Div_32x32_S
  L_end_Div_32x32_U
  _Div_32x32_U
  L_end_Mul_32x32_U
  _Mul_32x32_U
  L_end_Mul_32x32_S
  _Mul_32x32_S
  L_end__SETFOV32
  SETFOV32EEE
  L_end__SETFDZ32
  L_end__FIXSIGN32
  L_end__RES032
  L_end__SETFUN32
  SETFUN32EEE
  L_end__NRM3232
  NORM3232
  JPNRES032
  JPNSETFUN32
  NORM3232A
  JMPNFIXSIGN32
  NORM32EEE
  L_end__NRM4032
  NRMRND4032
  NRM4032
  JMPSETFOV32
  NORM4032
  JMPRES032
  JMPSETFUN32
  NORM4032A
  JMPFIXSIGN32
  NRM4032EEE
  L_end__Add_32x32_FP
  USEA32
  JMPEEE
  ALIGNED32
  ALIGNB32
  ALOOPB32
  AOK32
  ACOMP32
  JMPNRMRND4032
  ADD_JMPSETFOV32
  JMPNRM4032
  JMPNRM32
  ADD32EEE
  L_end__Sub_32x32_FP
  L_end__Mul_32x32_FP
  FPM32
  JPMRES032
  M32BNE0
  MTUN32
  JPMSETFOV32
  MOK32
  JPMSETFUN32
  MLOOP32
  MNOADD32
  MADD32
  MROUND32
  MUL32OK
  MUL32EEE
  L_end__Div_32x32_FP
  L__Div_32x32_FP18
  L__Div_32x32_FP19
  L__Div_32x32_FP20
  L__Div_32x32_FP21
  L__Div_32x32_FP22
  L__Div_32x32_FP23
  L__Div_32x32_FP24
  L__Div_32x32_FP25
  L__Div_32x32_FP26
  L__Div_32x32_FP27
  L__Div_32x32_FP28
  L__Div_32x32_FP29
  FPD32
  JPDSETFDZ32
  JPDRES032
  D32BNE0
  TALIGN32
  TS1ALIGN32
  TS2ALIGN32
  DALIGN32OK
  ALTB32
  AGEB32
  JPDSETFOV32
  DARGOK32
  JPDSETFUN32
  DLOOP32
  DS132
  DS232
  DREST32
  DOK32
  DAREST32
  DROUND32
  DIV32OK
  DIV32EEE
  L_end__SETIOV3224
  SETIOV3224EEE
  L_end__Double2Longword
  INT3232U
  INT3232UEOK
  SETEXP32U
  SETIOV32U
  TSHIFT3232U
  SHIFT3232UOK
  SHIFT3232U
  INT3232UOK
  JPLSETIOV3224
  IRES032U
  INT3232UEER
  INT3232UEEE
  L_Double2Longword_0
  L_end__Double2Longint
  INT3232
  INT3232EOK
  SETIOV32
  TSHIFT3232
  SHIFT3232OK
  SHIFT3232
  INT3232OK
  JPISETIOV3224
  IRES032
  INT3232EER
  INT3232EEE
  L_Double2Longint_0
  L_end__Double2Int
  INT3216
  IRES016
  SETIOV16
  TSHIFT3216
  SHIFT3216OK
  SHIFT3216
  INT3216OK
  JPJSETIOV3224
  INT3216EOK
  INT3216EER
  INT3216EEE
  L_Double2Int_0
  L_end__Double2Word
  INT3216U
  IRES016U
  SETEXP16U
  SETIOV16U
  TSHIFT3216U
  SHIFT3216UOK
  SHIFT3216U
  INT3216UOK
  JPKSETIOV3224
  INT3216UEOK
  INT3216UEER
  INT3216UEEE
  L_Double2Word_0
  L_end__Double2Byte
  INT32U08
  IRES008
  SETEXP08
  SETIOV08
  TSHIFT3208
  SHIFT3208OK
  SHIFT3208
  INT3208OK
  D2B_JPKSETIOV3224
  INT3208EOK
  INT3208EER
  INT3208EEE
  L_Double2Byte_0
  L_end__Byte2Double
  FLO08U32
  L_end__Int2Double
  FLO1632
  FLO1632EEE
  L_end__Word2Double
  FLO16U32
  L_end__Longint2Double
  FLO3232
  FLO3232EEE
  L_end__Longword2Double
  FLO32U32
  L_end__Equals_Double
  EQU_FALSE
  L_end__Compare_Double
  COMPARE_EQU
  COMPARE_NOTZERO
  COMPARE_XNOTZERO
  COMPARE_YNOTZERO
  COMPARE_LT
  COMPARE_GT
  COMPARE_TESTALL
  COMPARE_C1
  GT_FALSE
  GT_TRUE
  COMPARE_C2
  COMPARE_C3
  L_end_SETFOV32
  _SETFOV32
  L_end_SETFDZ32
  _SETFDZ32
  L_end_FIXSIGN32
  _FIXSIGN32
  L_end_RES032
  _RES032
  L_end_SETFUN32
  _SETFUN32
  L_end_NRM3232
  _NRM3232
  L_end_NRM4032
  _NRM4032
  L_end_Add_32x32_FP
  _Add_32x32_FP
  L_end_Sub_32x32_FP
  _Sub_32x32_FP
  L_end_Mul_32x32_FP
  _Mul_32x32_FP
  L_end_Div_32x32_FP
  _Div_32x32_FP
  L_end_SETIOV3224
  _SETIOV3224
  L_end_Double2Longword
  _Double2Longword
  L_end_Double2Longint
  _Double2Longint
  L_end_Double2Int
  _Double2Int
  L_end_Double2Word
  _Double2Word
  L_end_Double2Byte
  _Double2Byte
  L_end_Byte2Double
  _Byte2Double
  L_end_Int2Double
  _Int2Double
  L_end_Word2Double
  _Word2Double
  L_end_Longint2Double
  _Longint2Double
  L_end_Longword2Double
  _Longword2Double
  L_end_Equals_Double
  _Equals_Double
  L_end_Compare_Double
  _Compare_Double
